{"/Users/vinicius/Projects/strv-address-vini-dutra/src/config/envs.ts": {"path":"/Users/vinicius/Projects/strv-address-vini-dutra/src/config/envs.ts","all":false,"statementMap":{"0":{"start":{"line":1,"column":0},"end":{"line":1,"column":32}},"1":{"start":{"line":2,"column":0},"end":{"line":2,"column":24}},"2":{"start":{"line":3,"column":0},"end":{"line":3,"column":0}},"3":{"start":{"line":4,"column":0},"end":{"line":4,"column":43}},"4":{"start":{"line":5,"column":0},"end":{"line":5,"column":10}},"5":{"start":{"line":6,"column":0},"end":{"line":6,"column":26}},"6":{"start":{"line":7,"column":0},"end":{"line":7,"column":5}},"7":{"start":{"line":8,"column":0},"end":{"line":8,"column":0}},"8":{"start":{"line":9,"column":0},"end":{"line":9,"column":24}}},"s":{"0":1,"1":1,"2":1,"3":1,"4":9,"5":9,"6":1,"7":1,"8":1},"branchMap":{"0":{"type":"branch","line":4,"loc":{"start":{"line":4,"column":17},"end":{"line":7,"column":4}},"locations":[{"start":{"line":4,"column":17},"end":{"line":7,"column":4}}]}},"b":{"0":[9]},"fnMap":{"0":{"name":"loadEnvs","decl":{"start":{"line":4,"column":17},"end":{"line":7,"column":4}},"loc":{"start":{"line":4,"column":17},"end":{"line":7,"column":4}},"line":4}},"f":{"0":9}}
,"/Users/vinicius/Projects/strv-address-vini-dutra/src/config/firebase.ts": {"path":"/Users/vinicius/Projects/strv-address-vini-dutra/src/config/firebase.ts","all":false,"statementMap":{"0":{"start":{"line":1,"column":0},"end":{"line":1,"column":16}},"1":{"start":{"line":2,"column":0},"end":{"line":2,"column":41}},"2":{"start":{"line":3,"column":0},"end":{"line":3,"column":9}},"3":{"start":{"line":4,"column":0},"end":{"line":4,"column":36}},"4":{"start":{"line":5,"column":0},"end":{"line":5,"column":48}},"5":{"start":{"line":6,"column":0},"end":{"line":6,"column":56}},"6":{"start":{"line":7,"column":0},"end":{"line":7,"column":73}},"7":{"start":{"line":8,"column":0},"end":{"line":8,"column":52}},"8":{"start":{"line":9,"column":0},"end":{"line":9,"column":46}},"9":{"start":{"line":10,"column":0},"end":{"line":10,"column":44}},"10":{"start":{"line":11,"column":0},"end":{"line":11,"column":46}},"11":{"start":{"line":12,"column":0},"end":{"line":12,"column":82}},"12":{"start":{"line":13,"column":0},"end":{"line":13,"column":68}},"13":{"start":{"line":14,"column":0},"end":{"line":14,"column":4}},"14":{"start":{"line":15,"column":0},"end":{"line":15,"column":2}}},"s":{"0":1,"1":1,"2":1,"3":1,"4":1,"5":1,"6":1,"7":1,"8":1,"9":1,"10":1,"11":1,"12":1,"13":1,"14":1},"branchMap":{"0":{"type":"branch","line":7,"loc":{"start":{"line":7,"column":49},"end":{"line":7,"column":51}},"locations":[{"start":{"line":7,"column":49},"end":{"line":7,"column":51}}]}},"b":{"0":[0]},"fnMap":{},"f":{}}
,"/Users/vinicius/Projects/strv-address-vini-dutra/src/config/jwt.ts": {"path":"/Users/vinicius/Projects/strv-address-vini-dutra/src/config/jwt.ts","all":false,"statementMap":{"0":{"start":{"line":1,"column":0},"end":{"line":1,"column":16}},"1":{"start":{"line":2,"column":0},"end":{"line":2,"column":43}},"2":{"start":{"line":3,"column":0},"end":{"line":3,"column":39}},"3":{"start":{"line":4,"column":0},"end":{"line":4,"column":2}}},"s":{"0":1,"1":1,"2":1,"3":1},"branchMap":{},"b":{},"fnMap":{},"f":{}}
,"/Users/vinicius/Projects/strv-address-vini-dutra/src/config/typeorm.ts": {"path":"/Users/vinicius/Projects/strv-address-vini-dutra/src/config/typeorm.ts","all":false,"statementMap":{"0":{"start":{"line":1,"column":0},"end":{"line":1,"column":30}},"1":{"start":{"line":2,"column":0},"end":{"line":2,"column":56}},"2":{"start":{"line":3,"column":0},"end":{"line":3,"column":0}},"3":{"start":{"line":4,"column":0},"end":{"line":4,"column":11}},"4":{"start":{"line":5,"column":0},"end":{"line":5,"column":0}},"5":{"start":{"line":6,"column":0},"end":{"line":6,"column":33}},"6":{"start":{"line":7,"column":0},"end":{"line":7,"column":19}},"7":{"start":{"line":8,"column":0},"end":{"line":8,"column":48}},"8":{"start":{"line":9,"column":0},"end":{"line":9,"column":49}},"9":{"start":{"line":10,"column":0},"end":{"line":10,"column":55}},"10":{"start":{"line":11,"column":0},"end":{"line":11,"column":41}},"11":{"start":{"line":12,"column":0},"end":{"line":12,"column":55}},"12":{"start":{"line":13,"column":0},"end":{"line":13,"column":69}},"13":{"start":{"line":14,"column":0},"end":{"line":14,"column":60}},"14":{"start":{"line":15,"column":0},"end":{"line":15,"column":20}},"15":{"start":{"line":16,"column":0},"end":{"line":16,"column":64}},"16":{"start":{"line":17,"column":0},"end":{"line":17,"column":40}},"17":{"start":{"line":18,"column":0},"end":{"line":18,"column":2}},"18":{"start":{"line":19,"column":0},"end":{"line":19,"column":0}},"19":{"start":{"line":20,"column":0},"end":{"line":20,"column":40}},"20":{"start":{"line":21,"column":0},"end":{"line":21,"column":12}},"21":{"start":{"line":22,"column":0},"end":{"line":22,"column":14}},"22":{"start":{"line":23,"column":0},"end":{"line":23,"column":8}},"23":{"start":{"line":24,"column":0},"end":{"line":24,"column":16}},"24":{"start":{"line":25,"column":0},"end":{"line":25,"column":14}},"25":{"start":{"line":26,"column":0},"end":{"line":26,"column":14}},"26":{"start":{"line":27,"column":0},"end":{"line":27,"column":36}},"27":{"start":{"line":28,"column":0},"end":{"line":28,"column":10}},"28":{"start":{"line":29,"column":0},"end":{"line":29,"column":8}},"29":{"start":{"line":30,"column":0},"end":{"line":30,"column":6}},"30":{"start":{"line":31,"column":0},"end":{"line":31,"column":4}},"31":{"start":{"line":32,"column":0},"end":{"line":32,"column":1}},"32":{"start":{"line":33,"column":0},"end":{"line":33,"column":0}},"33":{"start":{"line":34,"column":0},"end":{"line":34,"column":60}},"34":{"start":{"line":35,"column":0},"end":{"line":35,"column":0}},"35":{"start":{"line":36,"column":0},"end":{"line":36,"column":23}}},"s":{"0":1,"1":1,"2":1,"3":1,"4":1,"5":1,"6":1,"7":1,"8":1,"9":1,"10":1,"11":1,"12":1,"13":1,"14":1,"15":1,"16":1,"17":1,"18":1,"19":1,"20":0,"21":0,"22":0,"23":0,"24":0,"25":0,"26":0,"27":0,"28":0,"29":0,"30":0,"31":0,"32":1,"33":1,"34":1,"35":1},"branchMap":{"0":{"type":"branch","line":8,"loc":{"start":{"line":8,"column":32},"end":{"line":8,"column":47}},"locations":[{"start":{"line":8,"column":32},"end":{"line":8,"column":47}}]},"1":{"type":"branch","line":9,"loc":{"start":{"line":9,"column":40},"end":{"line":9,"column":48}},"locations":[{"start":{"line":9,"column":40},"end":{"line":9,"column":48}}]},"2":{"type":"branch","line":10,"loc":{"start":{"line":10,"column":40},"end":{"line":10,"column":54}},"locations":[{"start":{"line":10,"column":40},"end":{"line":10,"column":54}}]},"3":{"type":"branch","line":12,"loc":{"start":{"line":12,"column":40},"end":{"line":12,"column":54}},"locations":[{"start":{"line":12,"column":40},"end":{"line":12,"column":54}}]},"4":{"type":"branch","line":16,"loc":{"start":{"line":16,"column":49},"end":{"line":16,"column":55}},"locations":[{"start":{"line":16,"column":49},"end":{"line":16,"column":55}}]},"5":{"type":"branch","line":20,"loc":{"start":{"line":20,"column":39},"end":{"line":32,"column":1}},"locations":[{"start":{"line":20,"column":39},"end":{"line":32,"column":1}}]}},"b":{"0":[0],"1":[0],"2":[0],"3":[0],"4":[0],"5":[0]},"fnMap":{},"f":{}}
,"/Users/vinicius/Projects/strv-address-vini-dutra/src/databases/firebase.ts": {"path":"/Users/vinicius/Projects/strv-address-vini-dutra/src/databases/firebase.ts","all":false,"statementMap":{"0":{"start":{"line":1,"column":0},"end":{"line":1,"column":55}},"1":{"start":{"line":2,"column":0},"end":{"line":2,"column":0}},"2":{"start":{"line":3,"column":0},"end":{"line":3,"column":48}},"3":{"start":{"line":4,"column":0},"end":{"line":4,"column":0}},"4":{"start":{"line":5,"column":0},"end":{"line":5,"column":26}},"5":{"start":{"line":6,"column":0},"end":{"line":6,"column":23}},"6":{"start":{"line":7,"column":0},"end":{"line":7,"column":77}},"7":{"start":{"line":8,"column":0},"end":{"line":8,"column":36}},"8":{"start":{"line":9,"column":0},"end":{"line":9,"column":5}},"9":{"start":{"line":10,"column":0},"end":{"line":10,"column":0}},"10":{"start":{"line":11,"column":0},"end":{"line":11,"column":15}},"11":{"start":{"line":12,"column":0},"end":{"line":12,"column":0}},"12":{"start":{"line":13,"column":0},"end":{"line":13,"column":37}},"13":{"start":{"line":14,"column":0},"end":{"line":14,"column":0}},"14":{"start":{"line":15,"column":0},"end":{"line":15,"column":26}}},"s":{"0":1,"1":1,"2":1,"3":1,"4":1,"5":5,"6":5,"7":5,"8":1,"9":1,"10":1,"11":1,"12":1,"13":1,"14":1},"branchMap":{"0":{"type":"branch","line":5,"loc":{"start":{"line":5,"column":21},"end":{"line":9,"column":4}},"locations":[{"start":{"line":5,"column":21},"end":{"line":9,"column":4}}]}},"b":{"0":[5]},"fnMap":{"0":{"name":"initFirebase","decl":{"start":{"line":5,"column":21},"end":{"line":9,"column":4}},"loc":{"start":{"line":5,"column":21},"end":{"line":9,"column":4}},"line":5}},"f":{"0":5}}
,"/Users/vinicius/Projects/strv-address-vini-dutra/src/databases/index.ts": {"path":"/Users/vinicius/Projects/strv-address-vini-dutra/src/databases/index.ts","all":false,"statementMap":{"0":{"start":{"line":1,"column":0},"end":{"line":1,"column":36}},"1":{"start":{"line":2,"column":0},"end":{"line":2,"column":38}},"2":{"start":{"line":3,"column":0},"end":{"line":3,"column":0}},"3":{"start":{"line":4,"column":0},"end":{"line":4,"column":36}}},"s":{"0":1,"1":1,"2":1,"3":1},"branchMap":{},"b":{},"fnMap":{},"f":{}}
,"/Users/vinicius/Projects/strv-address-vini-dutra/src/databases/postgres.ts": {"path":"/Users/vinicius/Projects/strv-address-vini-dutra/src/databases/postgres.ts","all":false,"statementMap":{"0":{"start":{"line":1,"column":0},"end":{"line":1,"column":40}},"1":{"start":{"line":2,"column":0},"end":{"line":2,"column":0}},"2":{"start":{"line":3,"column":0},"end":{"line":3,"column":42}},"3":{"start":{"line":4,"column":0},"end":{"line":4,"column":0}},"4":{"start":{"line":5,"column":0},"end":{"line":5,"column":28}}},"s":{"0":1,"1":1,"2":1,"3":1,"4":1},"branchMap":{},"b":{},"fnMap":{},"f":{}}
,"/Users/vinicius/Projects/strv-address-vini-dutra/src/databases/entities/User.entity.ts": {"path":"/Users/vinicius/Projects/strv-address-vini-dutra/src/databases/entities/User.entity.ts","all":false,"statementMap":{"0":{"start":{"line":1,"column":0},"end":{"line":1,"column":92}},"1":{"start":{"line":2,"column":0},"end":{"line":2,"column":0}},"2":{"start":{"line":3,"column":0},"end":{"line":3,"column":34}},"3":{"start":{"line":4,"column":0},"end":{"line":4,"column":0}},"4":{"start":{"line":5,"column":0},"end":{"line":5,"column":16}},"5":{"start":{"line":6,"column":0},"end":{"line":6,"column":18}},"6":{"start":{"line":7,"column":0},"end":{"line":7,"column":17}},"7":{"start":{"line":8,"column":0},"end":{"line":8,"column":35}},"8":{"start":{"line":9,"column":0},"end":{"line":9,"column":3}},"9":{"start":{"line":10,"column":0},"end":{"line":10,"column":0}},"10":{"start":{"line":11,"column":0},"end":{"line":11,"column":18}},"11":{"start":{"line":12,"column":0},"end":{"line":12,"column":22}},"12":{"start":{"line":13,"column":0},"end":{"line":13,"column":0}},"13":{"start":{"line":14,"column":0},"end":{"line":14,"column":40}},"14":{"start":{"line":15,"column":0},"end":{"line":15,"column":16}},"15":{"start":{"line":16,"column":0},"end":{"line":16,"column":0}},"16":{"start":{"line":17,"column":0},"end":{"line":17,"column":41}},"17":{"start":{"line":18,"column":0},"end":{"line":18,"column":19}},"18":{"start":{"line":19,"column":0},"end":{"line":19,"column":0}},"19":{"start":{"line":20,"column":0},"end":{"line":20,"column":21}},"20":{"start":{"line":21,"column":0},"end":{"line":21,"column":19}},"21":{"start":{"line":22,"column":0},"end":{"line":22,"column":0}},"22":{"start":{"line":23,"column":0},"end":{"line":23,"column":21}},"23":{"start":{"line":24,"column":0},"end":{"line":24,"column":19}},"24":{"start":{"line":25,"column":0},"end":{"line":25,"column":1}},"25":{"start":{"line":26,"column":0},"end":{"line":26,"column":0}},"26":{"start":{"line":27,"column":0},"end":{"line":27,"column":22}}},"s":{"0":1,"1":1,"2":1,"3":1,"4":1,"5":1,"6":1,"7":11,"8":11,"9":1,"10":1,"11":1,"12":1,"13":1,"14":1,"15":1,"16":1,"17":1,"18":1,"19":1,"20":1,"21":1,"22":1,"23":1,"24":1,"25":1,"26":1},"branchMap":{"0":{"type":"branch","line":7,"loc":{"start":{"line":7,"column":2},"end":{"line":9,"column":3}},"locations":[{"start":{"line":7,"column":2},"end":{"line":9,"column":3}}]}},"b":{"0":[11]},"fnMap":{"0":{"name":"UserEntity","decl":{"start":{"line":7,"column":2},"end":{"line":9,"column":3}},"loc":{"start":{"line":7,"column":2},"end":{"line":9,"column":3}},"line":7}},"f":{"0":11}}
,"/Users/vinicius/Projects/strv-address-vini-dutra/src/exceptions/AuthException.ts": {"path":"/Users/vinicius/Projects/strv-address-vini-dutra/src/exceptions/AuthException.ts","all":false,"statementMap":{"0":{"start":{"line":1,"column":0},"end":{"line":1,"column":44}},"1":{"start":{"line":2,"column":0},"end":{"line":2,"column":0}},"2":{"start":{"line":3,"column":0},"end":{"line":3,"column":43}},"3":{"start":{"line":4,"column":0},"end":{"line":4,"column":33}},"4":{"start":{"line":5,"column":0},"end":{"line":5,"column":36}},"5":{"start":{"line":6,"column":0},"end":{"line":6,"column":0}},"6":{"start":{"line":7,"column":0},"end":{"line":7,"column":29}},"7":{"start":{"line":8,"column":0},"end":{"line":8,"column":0}},"8":{"start":{"line":9,"column":0},"end":{"line":9,"column":27}},"9":{"start":{"line":10,"column":0},"end":{"line":10,"column":22}},"10":{"start":{"line":11,"column":0},"end":{"line":11,"column":54}},"11":{"start":{"line":12,"column":0},"end":{"line":12,"column":3}},"12":{"start":{"line":13,"column":0},"end":{"line":13,"column":1}},"13":{"start":{"line":14,"column":0},"end":{"line":14,"column":0}},"14":{"start":{"line":15,"column":0},"end":{"line":15,"column":29}}},"s":{"0":1,"1":1,"2":1,"3":1,"4":4,"5":4,"6":4,"7":4,"8":4,"9":4,"10":4,"11":4,"12":1,"13":1,"14":1},"branchMap":{"0":{"type":"branch","line":4,"loc":{"start":{"line":4,"column":2},"end":{"line":12,"column":3}},"locations":[{"start":{"line":4,"column":2},"end":{"line":12,"column":3}}]}},"b":{"0":[4]},"fnMap":{"0":{"name":"AuthException","decl":{"start":{"line":4,"column":2},"end":{"line":12,"column":3}},"loc":{"start":{"line":4,"column":2},"end":{"line":12,"column":3}},"line":4}},"f":{"0":4}}
,"/Users/vinicius/Projects/strv-address-vini-dutra/src/exceptions/BaseException.ts": {"path":"/Users/vinicius/Projects/strv-address-vini-dutra/src/exceptions/BaseException.ts","all":false,"statementMap":{"0":{"start":{"line":1,"column":0},"end":{"line":1,"column":26}},"1":{"start":{"line":2,"column":0},"end":{"line":2,"column":20}},"2":{"start":{"line":3,"column":0},"end":{"line":3,"column":22}},"3":{"start":{"line":4,"column":0},"end":{"line":4,"column":39}},"4":{"start":{"line":5,"column":0},"end":{"line":5,"column":1}},"5":{"start":{"line":6,"column":0},"end":{"line":6,"column":0}},"6":{"start":{"line":7,"column":0},"end":{"line":7,"column":70}},"7":{"start":{"line":8,"column":0},"end":{"line":8,"column":25}},"8":{"start":{"line":9,"column":0},"end":{"line":9,"column":29}},"9":{"start":{"line":10,"column":0},"end":{"line":10,"column":27}},"10":{"start":{"line":11,"column":0},"end":{"line":11,"column":44}},"11":{"start":{"line":12,"column":0},"end":{"line":12,"column":0}},"12":{"start":{"line":13,"column":0},"end":{"line":13,"column":50}},"13":{"start":{"line":14,"column":0},"end":{"line":14,"column":19}},"14":{"start":{"line":15,"column":0},"end":{"line":15,"column":0}},"15":{"start":{"line":16,"column":0},"end":{"line":16,"column":52}},"16":{"start":{"line":17,"column":0},"end":{"line":17,"column":0}},"17":{"start":{"line":18,"column":0},"end":{"line":18,"column":19}},"18":{"start":{"line":19,"column":0},"end":{"line":19,"column":22}},"19":{"start":{"line":20,"column":0},"end":{"line":20,"column":48}},"20":{"start":{"line":21,"column":0},"end":{"line":21,"column":29}},"21":{"start":{"line":22,"column":0},"end":{"line":22,"column":3}},"22":{"start":{"line":23,"column":0},"end":{"line":23,"column":0}},"23":{"start":{"line":24,"column":0},"end":{"line":24,"column":19}},"24":{"start":{"line":25,"column":0},"end":{"line":25,"column":21}},"25":{"start":{"line":26,"column":0},"end":{"line":26,"column":4}},"26":{"start":{"line":27,"column":0},"end":{"line":27,"column":0}},"27":{"start":{"line":28,"column":0},"end":{"line":28,"column":21}},"28":{"start":{"line":29,"column":0},"end":{"line":29,"column":23}},"29":{"start":{"line":30,"column":0},"end":{"line":30,"column":4}},"30":{"start":{"line":31,"column":0},"end":{"line":31,"column":0}},"31":{"start":{"line":32,"column":0},"end":{"line":32,"column":27}},"32":{"start":{"line":33,"column":0},"end":{"line":33,"column":29}},"33":{"start":{"line":34,"column":0},"end":{"line":34,"column":4}},"34":{"start":{"line":35,"column":0},"end":{"line":35,"column":1}},"35":{"start":{"line":36,"column":0},"end":{"line":36,"column":0}},"36":{"start":{"line":37,"column":0},"end":{"line":37,"column":29}},"37":{"start":{"line":38,"column":0},"end":{"line":38,"column":0}},"38":{"start":{"line":39,"column":0},"end":{"line":39,"column":26}}},"s":{"0":1,"1":1,"2":1,"3":1,"4":1,"5":1,"6":1,"7":1,"8":1,"9":1,"10":1,"11":1,"12":1,"13":16,"14":16,"15":16,"16":16,"17":16,"18":16,"19":16,"20":16,"21":16,"22":1,"23":1,"24":0,"25":1,"26":1,"27":1,"28":0,"29":1,"30":1,"31":1,"32":0,"33":1,"34":1,"35":1,"36":1,"37":1,"38":1},"branchMap":{"0":{"type":"branch","line":13,"loc":{"start":{"line":13,"column":2},"end":{"line":22,"column":3}},"locations":[{"start":{"line":13,"column":2},"end":{"line":22,"column":3}}]}},"b":{"0":[16]},"fnMap":{"0":{"name":"BaseException","decl":{"start":{"line":13,"column":2},"end":{"line":22,"column":3}},"loc":{"start":{"line":13,"column":2},"end":{"line":22,"column":3}},"line":13},"1":{"name":"BaseException.getType","decl":{"start":{"line":24,"column":12},"end":{"line":26,"column":3}},"loc":{"start":{"line":24,"column":12},"end":{"line":26,"column":3}},"line":24},"2":{"name":"BaseException.getStatus","decl":{"start":{"line":28,"column":14},"end":{"line":30,"column":3}},"loc":{"start":{"line":28,"column":14},"end":{"line":30,"column":3}},"line":28},"3":{"name":"BaseException.getFinalMessage","decl":{"start":{"line":32,"column":20},"end":{"line":34,"column":3}},"loc":{"start":{"line":32,"column":20},"end":{"line":34,"column":3}},"line":32}},"f":{"0":16,"1":0,"2":0,"3":0}}
,"/Users/vinicius/Projects/strv-address-vini-dutra/src/exceptions/UniqueEmailException.ts": {"path":"/Users/vinicius/Projects/strv-address-vini-dutra/src/exceptions/UniqueEmailException.ts","all":false,"statementMap":{"0":{"start":{"line":1,"column":0},"end":{"line":1,"column":44}},"1":{"start":{"line":2,"column":0},"end":{"line":2,"column":50}},"2":{"start":{"line":3,"column":0},"end":{"line":3,"column":50}},"3":{"start":{"line":4,"column":0},"end":{"line":4,"column":19}},"4":{"start":{"line":5,"column":0},"end":{"line":5,"column":39}},"5":{"start":{"line":6,"column":0},"end":{"line":6,"column":5}},"6":{"start":{"line":7,"column":0},"end":{"line":7,"column":0}},"7":{"start":{"line":8,"column":0},"end":{"line":8,"column":29}},"8":{"start":{"line":9,"column":0},"end":{"line":9,"column":0}},"9":{"start":{"line":10,"column":0},"end":{"line":10,"column":27}},"10":{"start":{"line":11,"column":0},"end":{"line":11,"column":22}},"11":{"start":{"line":12,"column":0},"end":{"line":12,"column":79}},"12":{"start":{"line":13,"column":0},"end":{"line":13,"column":3}},"13":{"start":{"line":14,"column":0},"end":{"line":14,"column":1}},"14":{"start":{"line":15,"column":0},"end":{"line":15,"column":0}},"15":{"start":{"line":16,"column":0},"end":{"line":16,"column":36}}},"s":{"0":1,"1":1,"2":1,"3":4,"4":2,"5":2,"6":4,"7":4,"8":4,"9":4,"10":4,"11":4,"12":4,"13":1,"14":1,"15":1},"branchMap":{"0":{"type":"branch","line":3,"loc":{"start":{"line":3,"column":2},"end":{"line":13,"column":3}},"locations":[{"start":{"line":3,"column":2},"end":{"line":13,"column":3}}]},"1":{"type":"branch","line":4,"loc":{"start":{"line":4,"column":18},"end":{"line":6,"column":5}},"locations":[{"start":{"line":4,"column":18},"end":{"line":6,"column":5}}]}},"b":{"0":[4],"1":[2]},"fnMap":{"0":{"name":"UniqueEmailException","decl":{"start":{"line":3,"column":2},"end":{"line":13,"column":3}},"loc":{"start":{"line":3,"column":2},"end":{"line":13,"column":3}},"line":3}},"f":{"0":4}}
,"/Users/vinicius/Projects/strv-address-vini-dutra/src/exceptions/ValidationException.ts": {"path":"/Users/vinicius/Projects/strv-address-vini-dutra/src/exceptions/ValidationException.ts","all":false,"statementMap":{"0":{"start":{"line":1,"column":0},"end":{"line":1,"column":44}},"1":{"start":{"line":2,"column":0},"end":{"line":2,"column":0}},"2":{"start":{"line":3,"column":0},"end":{"line":3,"column":49}},"3":{"start":{"line":4,"column":0},"end":{"line":4,"column":51}},"4":{"start":{"line":5,"column":0},"end":{"line":5,"column":42}},"5":{"start":{"line":6,"column":0},"end":{"line":6,"column":0}},"6":{"start":{"line":7,"column":0},"end":{"line":7,"column":28}},"7":{"start":{"line":8,"column":0},"end":{"line":8,"column":0}},"8":{"start":{"line":9,"column":0},"end":{"line":9,"column":27}},"9":{"start":{"line":10,"column":0},"end":{"line":10,"column":22}},"10":{"start":{"line":11,"column":0},"end":{"line":11,"column":31}},"11":{"start":{"line":12,"column":0},"end":{"line":12,"column":3}},"12":{"start":{"line":13,"column":0},"end":{"line":13,"column":1}},"13":{"start":{"line":14,"column":0},"end":{"line":14,"column":0}},"14":{"start":{"line":15,"column":0},"end":{"line":15,"column":35}}},"s":{"0":1,"1":1,"2":1,"3":1,"4":8,"5":8,"6":8,"7":8,"8":8,"9":8,"10":8,"11":8,"12":1,"13":1,"14":1},"branchMap":{"0":{"type":"branch","line":4,"loc":{"start":{"line":4,"column":2},"end":{"line":12,"column":3}},"locations":[{"start":{"line":4,"column":2},"end":{"line":12,"column":3}}]}},"b":{"0":[8]},"fnMap":{"0":{"name":"ValidationException","decl":{"start":{"line":4,"column":2},"end":{"line":12,"column":3}},"loc":{"start":{"line":4,"column":2},"end":{"line":12,"column":3}},"line":4}},"f":{"0":8}}
,"/Users/vinicius/Projects/strv-address-vini-dutra/src/http/middlewares/ControllerHandlerMiddleware.ts": {"path":"/Users/vinicius/Projects/strv-address-vini-dutra/src/http/middlewares/ControllerHandlerMiddleware.ts","all":false,"statementMap":{"0":{"start":{"line":1,"column":0},"end":{"line":1,"column":58}},"1":{"start":{"line":2,"column":0},"end":{"line":2,"column":0}},"2":{"start":{"line":3,"column":0},"end":{"line":3,"column":109}},"3":{"start":{"line":4,"column":0},"end":{"line":4,"column":7}},"4":{"start":{"line":5,"column":0},"end":{"line":5,"column":29}},"5":{"start":{"line":6,"column":0},"end":{"line":6,"column":15}},"6":{"start":{"line":7,"column":0},"end":{"line":7,"column":12}},"7":{"start":{"line":8,"column":0},"end":{"line":8,"column":3}},"8":{"start":{"line":9,"column":0},"end":{"line":9,"column":2}},"9":{"start":{"line":10,"column":0},"end":{"line":10,"column":0}},"10":{"start":{"line":11,"column":0},"end":{"line":11,"column":43}}},"s":{"0":1,"1":1,"2":1,"3":7,"4":7,"5":7,"6":7,"7":7,"8":7,"9":1,"10":1},"branchMap":{"0":{"type":"branch","line":3,"loc":{"start":{"line":3,"column":36},"end":{"line":9,"column":2}},"locations":[{"start":{"line":3,"column":36},"end":{"line":9,"column":2}}]},"1":{"type":"branch","line":3,"loc":{"start":{"line":3,"column":49},"end":{"line":9,"column":2}},"locations":[{"start":{"line":3,"column":49},"end":{"line":9,"column":2}}]}},"b":{"0":[7],"1":[7]},"fnMap":{"0":{"name":"ControllerHandlerMiddleware","decl":{"start":{"line":3,"column":36},"end":{"line":9,"column":2}},"loc":{"start":{"line":3,"column":36},"end":{"line":9,"column":2}},"line":3}},"f":{"0":7}}
,"/Users/vinicius/Projects/strv-address-vini-dutra/src/http/v1/controllers/AuthController.ts": {"path":"/Users/vinicius/Projects/strv-address-vini-dutra/src/http/v1/controllers/AuthController.ts","all":false,"statementMap":{"0":{"start":{"line":1,"column":0},"end":{"line":1,"column":58}},"1":{"start":{"line":2,"column":0},"end":{"line":2,"column":44}},"2":{"start":{"line":3,"column":0},"end":{"line":3,"column":75}},"3":{"start":{"line":4,"column":0},"end":{"line":4,"column":56}},"4":{"start":{"line":5,"column":0},"end":{"line":5,"column":70}},"5":{"start":{"line":6,"column":0},"end":{"line":6,"column":78}},"6":{"start":{"line":7,"column":0},"end":{"line":7,"column":92}},"7":{"start":{"line":8,"column":0},"end":{"line":8,"column":0}},"8":{"start":{"line":9,"column":0},"end":{"line":9,"column":57}},"9":{"start":{"line":10,"column":0},"end":{"line":10,"column":76}},"10":{"start":{"line":11,"column":0},"end":{"line":11,"column":0}},"11":{"start":{"line":12,"column":0},"end":{"line":12,"column":74}},"12":{"start":{"line":13,"column":0},"end":{"line":13,"column":0}},"13":{"start":{"line":14,"column":0},"end":{"line":14,"column":47}},"14":{"start":{"line":15,"column":0},"end":{"line":15,"column":10}},"15":{"start":{"line":16,"column":0},"end":{"line":16,"column":13}},"16":{"start":{"line":17,"column":0},"end":{"line":17,"column":13}},"17":{"start":{"line":18,"column":0},"end":{"line":18,"column":0}},"18":{"start":{"line":19,"column":0},"end":{"line":19,"column":27}},"19":{"start":{"line":20,"column":0},"end":{"line":20,"column":8}},"20":{"start":{"line":21,"column":0},"end":{"line":21,"column":16}},"21":{"start":{"line":22,"column":0},"end":{"line":22,"column":13}},"22":{"start":{"line":23,"column":0},"end":{"line":23,"column":19}},"23":{"start":{"line":24,"column":0},"end":{"line":24,"column":12}},"24":{"start":{"line":25,"column":0},"end":{"line":25,"column":6}},"25":{"start":{"line":26,"column":0},"end":{"line":26,"column":5}},"26":{"start":{"line":27,"column":0},"end":{"line":27,"column":2}},"27":{"start":{"line":28,"column":0},"end":{"line":28,"column":0}},"28":{"start":{"line":29,"column":0},"end":{"line":29,"column":53}},"29":{"start":{"line":30,"column":0},"end":{"line":30,"column":84}},"30":{"start":{"line":31,"column":0},"end":{"line":31,"column":0}},"31":{"start":{"line":32,"column":0},"end":{"line":32,"column":70}},"32":{"start":{"line":33,"column":0},"end":{"line":33,"column":0}},"33":{"start":{"line":34,"column":0},"end":{"line":34,"column":51}},"34":{"start":{"line":35,"column":0},"end":{"line":35,"column":10}},"35":{"start":{"line":36,"column":0},"end":{"line":36,"column":13}},"36":{"start":{"line":37,"column":0},"end":{"line":37,"column":13}},"37":{"start":{"line":38,"column":0},"end":{"line":38,"column":0}},"38":{"start":{"line":39,"column":0},"end":{"line":39,"column":23}},"39":{"start":{"line":40,"column":0},"end":{"line":40,"column":8}},"40":{"start":{"line":41,"column":0},"end":{"line":41,"column":16}},"41":{"start":{"line":42,"column":0},"end":{"line":42,"column":13}},"42":{"start":{"line":43,"column":0},"end":{"line":43,"column":19}},"43":{"start":{"line":44,"column":0},"end":{"line":44,"column":12}},"44":{"start":{"line":45,"column":0},"end":{"line":45,"column":6}},"45":{"start":{"line":46,"column":0},"end":{"line":46,"column":5}},"46":{"start":{"line":47,"column":0},"end":{"line":47,"column":2}},"47":{"start":{"line":48,"column":0},"end":{"line":48,"column":0}},"48":{"start":{"line":49,"column":0},"end":{"line":49,"column":26}}},"s":{"0":1,"1":1,"2":1,"3":1,"4":1,"5":1,"6":1,"7":1,"8":1,"9":4,"10":4,"11":4,"12":4,"13":4,"14":4,"15":4,"16":4,"17":4,"18":4,"19":4,"20":4,"21":4,"22":4,"23":4,"24":4,"25":4,"26":4,"27":1,"28":1,"29":4,"30":4,"31":4,"32":4,"33":4,"34":4,"35":4,"36":4,"37":4,"38":4,"39":4,"40":4,"41":4,"42":4,"43":4,"44":4,"45":4,"46":4,"47":1,"48":1},"branchMap":{"0":{"type":"branch","line":9,"loc":{"start":{"line":9,"column":17},"end":{"line":27,"column":2}},"locations":[{"start":{"line":9,"column":17},"end":{"line":27,"column":2}}]},"1":{"type":"branch","line":29,"loc":{"start":{"line":29,"column":13},"end":{"line":47,"column":2}},"locations":[{"start":{"line":29,"column":13},"end":{"line":47,"column":2}}]}},"b":{"0":[4],"1":[4]},"fnMap":{"0":{"name":"register","decl":{"start":{"line":9,"column":17},"end":{"line":27,"column":2}},"loc":{"start":{"line":9,"column":17},"end":{"line":27,"column":2}},"line":9},"1":{"name":"auth","decl":{"start":{"line":29,"column":13},"end":{"line":47,"column":2}},"loc":{"start":{"line":29,"column":13},"end":{"line":47,"column":2}},"line":29}},"f":{"0":4,"1":4}}
,"/Users/vinicius/Projects/strv-address-vini-dutra/src/http/v1/controllers/ContactsController.ts": {"path":"/Users/vinicius/Projects/strv-address-vini-dutra/src/http/v1/controllers/ContactsController.ts","all":false,"statementMap":{"0":{"start":{"line":1,"column":0},"end":{"line":1,"column":82}},"1":{"start":{"line":2,"column":0},"end":{"line":2,"column":77}},"2":{"start":{"line":3,"column":0},"end":{"line":3,"column":0}},"3":{"start":{"line":4,"column":0},"end":{"line":4,"column":58}},"4":{"start":{"line":5,"column":0},"end":{"line":5,"column":62}},"5":{"start":{"line":6,"column":0},"end":{"line":6,"column":72}},"6":{"start":{"line":7,"column":0},"end":{"line":7,"column":0}},"7":{"start":{"line":8,"column":0},"end":{"line":8,"column":54}},"8":{"start":{"line":9,"column":0},"end":{"line":9,"column":91}},"9":{"start":{"line":10,"column":0},"end":{"line":10,"column":48}},"10":{"start":{"line":11,"column":0},"end":{"line":11,"column":0}},"11":{"start":{"line":12,"column":0},"end":{"line":12,"column":52}},"12":{"start":{"line":13,"column":0},"end":{"line":13,"column":0}},"13":{"start":{"line":14,"column":0},"end":{"line":14,"column":51}},"14":{"start":{"line":15,"column":0},"end":{"line":15,"column":12}},"15":{"start":{"line":16,"column":0},"end":{"line":16,"column":15}},"16":{"start":{"line":17,"column":0},"end":{"line":17,"column":14}},"17":{"start":{"line":18,"column":0},"end":{"line":18,"column":17}},"18":{"start":{"line":19,"column":0},"end":{"line":19,"column":12}},"19":{"start":{"line":20,"column":0},"end":{"line":20,"column":15}},"20":{"start":{"line":21,"column":0},"end":{"line":21,"column":15}},"21":{"start":{"line":22,"column":0},"end":{"line":22,"column":5}},"22":{"start":{"line":23,"column":0},"end":{"line":23,"column":0}},"23":{"start":{"line":24,"column":0},"end":{"line":24,"column":22}},"24":{"start":{"line":25,"column":0},"end":{"line":25,"column":8}},"25":{"start":{"line":26,"column":0},"end":{"line":26,"column":16}},"26":{"start":{"line":27,"column":0},"end":{"line":27,"column":20}},"27":{"start":{"line":28,"column":0},"end":{"line":28,"column":5}},"28":{"start":{"line":29,"column":0},"end":{"line":29,"column":2}},"29":{"start":{"line":30,"column":0},"end":{"line":30,"column":0}},"30":{"start":{"line":31,"column":0},"end":{"line":31,"column":52}},"31":{"start":{"line":32,"column":0},"end":{"line":32,"column":31}},"32":{"start":{"line":33,"column":0},"end":{"line":33,"column":0}},"33":{"start":{"line":34,"column":0},"end":{"line":34,"column":58}},"34":{"start":{"line":35,"column":0},"end":{"line":35,"column":0}},"35":{"start":{"line":36,"column":0},"end":{"line":36,"column":63}},"36":{"start":{"line":37,"column":0},"end":{"line":37,"column":0}},"37":{"start":{"line":38,"column":0},"end":{"line":38,"column":22}},"38":{"start":{"line":39,"column":0},"end":{"line":39,"column":8}},"39":{"start":{"line":40,"column":0},"end":{"line":40,"column":16}},"40":{"start":{"line":41,"column":0},"end":{"line":41,"column":21}},"41":{"start":{"line":42,"column":0},"end":{"line":42,"column":5}},"42":{"start":{"line":43,"column":0},"end":{"line":43,"column":2}},"43":{"start":{"line":44,"column":0},"end":{"line":44,"column":0}},"44":{"start":{"line":45,"column":0},"end":{"line":45,"column":22}}},"s":{"0":1,"1":1,"2":1,"3":1,"4":1,"5":1,"6":1,"7":1,"8":2,"9":2,"10":2,"11":2,"12":2,"13":2,"14":2,"15":2,"16":2,"17":2,"18":2,"19":2,"20":2,"21":2,"22":2,"23":2,"24":2,"25":2,"26":2,"27":2,"28":2,"29":1,"30":1,"31":1,"32":1,"33":1,"34":1,"35":1,"36":1,"37":1,"38":1,"39":1,"40":1,"41":1,"42":1,"43":1,"44":1},"branchMap":{"0":{"type":"branch","line":8,"loc":{"start":{"line":8,"column":14},"end":{"line":29,"column":2}},"locations":[{"start":{"line":8,"column":14},"end":{"line":29,"column":2}}]},"1":{"type":"branch","line":31,"loc":{"start":{"line":31,"column":12},"end":{"line":43,"column":2}},"locations":[{"start":{"line":31,"column":12},"end":{"line":43,"column":2}}]}},"b":{"0":[2],"1":[1]},"fnMap":{"0":{"name":"store","decl":{"start":{"line":8,"column":14},"end":{"line":29,"column":2}},"loc":{"start":{"line":8,"column":14},"end":{"line":29,"column":2}},"line":8},"1":{"name":"all","decl":{"start":{"line":31,"column":12},"end":{"line":43,"column":2}},"loc":{"start":{"line":31,"column":12},"end":{"line":43,"column":2}},"line":31}},"f":{"0":2,"1":1}}
,"/Users/vinicius/Projects/strv-address-vini-dutra/src/http/v1/controllers/index.ts": {"path":"/Users/vinicius/Projects/strv-address-vini-dutra/src/http/v1/controllers/index.ts","all":false,"statementMap":{"0":{"start":{"line":1,"column":0},"end":{"line":1,"column":54}},"1":{"start":{"line":2,"column":0},"end":{"line":2,"column":62}},"2":{"start":{"line":3,"column":0},"end":{"line":3,"column":0}},"3":{"start":{"line":4,"column":0},"end":{"line":4,"column":52}}},"s":{"0":1,"1":1,"2":1,"3":1},"branchMap":{},"b":{},"fnMap":{},"f":{}}
,"/Users/vinicius/Projects/strv-address-vini-dutra/src/http/v1/responses/AuthResponse.ts": {"path":"/Users/vinicius/Projects/strv-address-vini-dutra/src/http/v1/responses/AuthResponse.ts","all":false,"statementMap":{"0":{"start":{"line":1,"column":0},"end":{"line":1,"column":35}},"1":{"start":{"line":2,"column":0},"end":{"line":2,"column":0}},"2":{"start":{"line":3,"column":0},"end":{"line":3,"column":27}},"3":{"start":{"line":4,"column":0},"end":{"line":4,"column":16}},"4":{"start":{"line":5,"column":0},"end":{"line":5,"column":17}},"5":{"start":{"line":6,"column":0},"end":{"line":6,"column":11}},"6":{"start":{"line":7,"column":0},"end":{"line":7,"column":18}},"7":{"start":{"line":8,"column":0},"end":{"line":8,"column":18}},"8":{"start":{"line":9,"column":0},"end":{"line":9,"column":4}},"9":{"start":{"line":10,"column":0},"end":{"line":10,"column":1}},"10":{"start":{"line":11,"column":0},"end":{"line":11,"column":0}},"11":{"start":{"line":12,"column":0},"end":{"line":12,"column":72}},"12":{"start":{"line":13,"column":0},"end":{"line":13,"column":34}},"13":{"start":{"line":14,"column":0},"end":{"line":14,"column":41}},"14":{"start":{"line":15,"column":0},"end":{"line":15,"column":24}},"15":{"start":{"line":16,"column":0},"end":{"line":16,"column":24}},"16":{"start":{"line":17,"column":0},"end":{"line":17,"column":5}},"17":{"start":{"line":18,"column":0},"end":{"line":18,"column":2}},"18":{"start":{"line":19,"column":0},"end":{"line":19,"column":0}},"19":{"start":{"line":20,"column":0},"end":{"line":20,"column":68}},"20":{"start":{"line":21,"column":0},"end":{"line":21,"column":34}},"21":{"start":{"line":22,"column":0},"end":{"line":22,"column":36}},"22":{"start":{"line":23,"column":0},"end":{"line":23,"column":24}},"23":{"start":{"line":24,"column":0},"end":{"line":24,"column":24}},"24":{"start":{"line":25,"column":0},"end":{"line":25,"column":5}},"25":{"start":{"line":26,"column":0},"end":{"line":26,"column":2}},"26":{"start":{"line":27,"column":0},"end":{"line":27,"column":0}},"27":{"start":{"line":28,"column":0},"end":{"line":28,"column":42}}},"s":{"0":1,"1":1,"2":1,"3":1,"4":1,"5":1,"6":1,"7":1,"8":1,"9":1,"10":1,"11":1,"12":1,"13":1,"14":1,"15":1,"16":1,"17":1,"18":1,"19":1,"20":1,"21":1,"22":1,"23":1,"24":1,"25":1,"26":1,"27":1},"branchMap":{"0":{"type":"branch","line":12,"loc":{"start":{"line":12,"column":25},"end":{"line":18,"column":2}},"locations":[{"start":{"line":12,"column":25},"end":{"line":18,"column":2}}]},"1":{"type":"branch","line":20,"loc":{"start":{"line":20,"column":21},"end":{"line":26,"column":2}},"locations":[{"start":{"line":20,"column":21},"end":{"line":26,"column":2}}]}},"b":{"0":[1],"1":[1]},"fnMap":{"0":{"name":"registerResponse","decl":{"start":{"line":12,"column":25},"end":{"line":18,"column":2}},"loc":{"start":{"line":12,"column":25},"end":{"line":18,"column":2}},"line":12},"1":{"name":"authResponse","decl":{"start":{"line":20,"column":21},"end":{"line":26,"column":2}},"loc":{"start":{"line":20,"column":21},"end":{"line":26,"column":2}},"line":20}},"f":{"0":1,"1":1}}
,"/Users/vinicius/Projects/strv-address-vini-dutra/src/http/v1/responses/ContactResponse.ts": {"path":"/Users/vinicius/Projects/strv-address-vini-dutra/src/http/v1/responses/ContactResponse.ts","all":false,"statementMap":{"0":{"start":{"line":1,"column":0},"end":{"line":1,"column":35}},"1":{"start":{"line":2,"column":0},"end":{"line":2,"column":50}},"2":{"start":{"line":3,"column":0},"end":{"line":3,"column":0}},"3":{"start":{"line":4,"column":0},"end":{"line":4,"column":27}},"4":{"start":{"line":5,"column":0},"end":{"line":5,"column":16}},"5":{"start":{"line":6,"column":0},"end":{"line":6,"column":17}},"6":{"start":{"line":7,"column":0},"end":{"line":7,"column":30}},"7":{"start":{"line":8,"column":0},"end":{"line":8,"column":1}},"8":{"start":{"line":9,"column":0},"end":{"line":9,"column":0}},"9":{"start":{"line":10,"column":0},"end":{"line":10,"column":67}},"10":{"start":{"line":11,"column":0},"end":{"line":11,"column":34}},"11":{"start":{"line":12,"column":0},"end":{"line":12,"column":44}},"12":{"start":{"line":13,"column":0},"end":{"line":13,"column":19}},"13":{"start":{"line":14,"column":0},"end":{"line":14,"column":5}},"14":{"start":{"line":15,"column":0},"end":{"line":15,"column":2}},"15":{"start":{"line":16,"column":0},"end":{"line":16,"column":0}},"16":{"start":{"line":17,"column":0},"end":{"line":17,"column":67}},"17":{"start":{"line":18,"column":0},"end":{"line":18,"column":34}},"18":{"start":{"line":19,"column":0},"end":{"line":19,"column":46}},"19":{"start":{"line":20,"column":0},"end":{"line":20,"column":20}},"20":{"start":{"line":21,"column":0},"end":{"line":21,"column":5}},"21":{"start":{"line":22,"column":0},"end":{"line":22,"column":2}},"22":{"start":{"line":23,"column":0},"end":{"line":23,"column":0}},"23":{"start":{"line":24,"column":0},"end":{"line":24,"column":36}}},"s":{"0":1,"1":1,"2":1,"3":1,"4":1,"5":1,"6":1,"7":1,"8":1,"9":1,"10":1,"11":1,"12":1,"13":1,"14":1,"15":1,"16":1,"17":1,"18":1,"19":1,"20":1,"21":1,"22":1,"23":1},"branchMap":{"0":{"type":"branch","line":10,"loc":{"start":{"line":10,"column":20},"end":{"line":15,"column":2}},"locations":[{"start":{"line":10,"column":20},"end":{"line":15,"column":2}}]},"1":{"type":"branch","line":17,"loc":{"start":{"line":17,"column":20},"end":{"line":22,"column":2}},"locations":[{"start":{"line":17,"column":20},"end":{"line":22,"column":2}}]}},"b":{"0":[1],"1":[1]},"fnMap":{"0":{"name":"addResponse","decl":{"start":{"line":10,"column":20},"end":{"line":15,"column":2}},"loc":{"start":{"line":10,"column":20},"end":{"line":15,"column":2}},"line":10},"1":{"name":"allResponse","decl":{"start":{"line":17,"column":20},"end":{"line":22,"column":2}},"loc":{"start":{"line":17,"column":20},"end":{"line":22,"column":2}},"line":17}},"f":{"0":1,"1":1}}
,"/Users/vinicius/Projects/strv-address-vini-dutra/src/http/v1/validators/AuthValidator.ts": {"path":"/Users/vinicius/Projects/strv-address-vini-dutra/src/http/v1/validators/AuthValidator.ts","all":false,"statementMap":{"0":{"start":{"line":1,"column":0},"end":{"line":1,"column":44}},"1":{"start":{"line":2,"column":0},"end":{"line":2,"column":34}},"2":{"start":{"line":3,"column":0},"end":{"line":3,"column":34}},"3":{"start":{"line":4,"column":0},"end":{"line":4,"column":30}},"4":{"start":{"line":5,"column":0},"end":{"line":5,"column":16}},"5":{"start":{"line":6,"column":0},"end":{"line":6,"column":19}},"6":{"start":{"line":7,"column":0},"end":{"line":7,"column":1}},"7":{"start":{"line":8,"column":0},"end":{"line":8,"column":0}},"8":{"start":{"line":9,"column":0},"end":{"line":9,"column":43}},"9":{"start":{"line":10,"column":0},"end":{"line":10,"column":69}},"10":{"start":{"line":11,"column":0},"end":{"line":11,"column":39}},"11":{"start":{"line":12,"column":0},"end":{"line":12,"column":0}},"12":{"start":{"line":13,"column":0},"end":{"line":13,"column":40}},"13":{"start":{"line":14,"column":0},"end":{"line":14,"column":0}},"14":{"start":{"line":15,"column":0},"end":{"line":15,"column":49}},"15":{"start":{"line":16,"column":0},"end":{"line":16,"column":0}},"16":{"start":{"line":17,"column":0},"end":{"line":17,"column":21}},"17":{"start":{"line":18,"column":0},"end":{"line":18,"column":0}},"18":{"start":{"line":19,"column":0},"end":{"line":19,"column":12}},"19":{"start":{"line":20,"column":0},"end":{"line":20,"column":12}},"20":{"start":{"line":21,"column":0},"end":{"line":21,"column":15}},"21":{"start":{"line":22,"column":0},"end":{"line":22,"column":6}},"22":{"start":{"line":23,"column":0},"end":{"line":23,"column":4}},"23":{"start":{"line":24,"column":0},"end":{"line":24,"column":0}},"24":{"start":{"line":25,"column":0},"end":{"line":25,"column":65}},"25":{"start":{"line":26,"column":0},"end":{"line":26,"column":39}},"26":{"start":{"line":27,"column":0},"end":{"line":27,"column":0}},"27":{"start":{"line":28,"column":0},"end":{"line":28,"column":40}},"28":{"start":{"line":29,"column":0},"end":{"line":29,"column":0}},"29":{"start":{"line":30,"column":0},"end":{"line":30,"column":49}},"30":{"start":{"line":31,"column":0},"end":{"line":31,"column":0}},"31":{"start":{"line":32,"column":0},"end":{"line":32,"column":21}},"32":{"start":{"line":33,"column":0},"end":{"line":33,"column":0}},"33":{"start":{"line":34,"column":0},"end":{"line":34,"column":12}},"34":{"start":{"line":35,"column":0},"end":{"line":35,"column":12}},"35":{"start":{"line":36,"column":0},"end":{"line":36,"column":15}},"36":{"start":{"line":37,"column":0},"end":{"line":37,"column":6}},"37":{"start":{"line":38,"column":0},"end":{"line":38,"column":4}},"38":{"start":{"line":39,"column":0},"end":{"line":39,"column":0}},"39":{"start":{"line":40,"column":0},"end":{"line":40,"column":53}},"40":{"start":{"line":41,"column":0},"end":{"line":41,"column":21}},"41":{"start":{"line":42,"column":0},"end":{"line":42,"column":37}},"42":{"start":{"line":43,"column":0},"end":{"line":43,"column":6}},"43":{"start":{"line":44,"column":0},"end":{"line":44,"column":0}},"44":{"start":{"line":45,"column":0},"end":{"line":45,"column":41}},"45":{"start":{"line":46,"column":0},"end":{"line":46,"column":29}},"46":{"start":{"line":47,"column":0},"end":{"line":47,"column":19}},"47":{"start":{"line":48,"column":0},"end":{"line":48,"column":5}},"48":{"start":{"line":49,"column":0},"end":{"line":49,"column":0}},"49":{"start":{"line":50,"column":0},"end":{"line":50,"column":32}},"50":{"start":{"line":51,"column":0},"end":{"line":51,"column":0}},"51":{"start":{"line":52,"column":0},"end":{"line":52,"column":45}},"52":{"start":{"line":53,"column":0},"end":{"line":53,"column":0}},"53":{"start":{"line":54,"column":0},"end":{"line":54,"column":53}},"54":{"start":{"line":55,"column":0},"end":{"line":55,"column":15}},"55":{"start":{"line":56,"column":0},"end":{"line":56,"column":7}},"56":{"start":{"line":57,"column":0},"end":{"line":57,"column":0}},"57":{"start":{"line":58,"column":0},"end":{"line":58,"column":37}},"58":{"start":{"line":59,"column":0},"end":{"line":59,"column":29}},"59":{"start":{"line":60,"column":0},"end":{"line":60,"column":5}},"60":{"start":{"line":61,"column":0},"end":{"line":61,"column":0}},"61":{"start":{"line":62,"column":0},"end":{"line":62,"column":17}},"62":{"start":{"line":63,"column":0},"end":{"line":63,"column":4}},"63":{"start":{"line":64,"column":0},"end":{"line":64,"column":0}},"64":{"start":{"line":65,"column":0},"end":{"line":65,"column":57}},"65":{"start":{"line":66,"column":0},"end":{"line":66,"column":21}},"66":{"start":{"line":67,"column":0},"end":{"line":67,"column":53}},"67":{"start":{"line":68,"column":0},"end":{"line":68,"column":6}},"68":{"start":{"line":69,"column":0},"end":{"line":69,"column":0}},"69":{"start":{"line":70,"column":0},"end":{"line":70,"column":44}},"70":{"start":{"line":71,"column":0},"end":{"line":71,"column":29}},"71":{"start":{"line":72,"column":0},"end":{"line":72,"column":22}},"72":{"start":{"line":73,"column":0},"end":{"line":73,"column":5}},"73":{"start":{"line":74,"column":0},"end":{"line":74,"column":0}},"74":{"start":{"line":75,"column":0},"end":{"line":75,"column":38}},"75":{"start":{"line":76,"column":0},"end":{"line":76,"column":0}},"76":{"start":{"line":77,"column":0},"end":{"line":77,"column":64}},"77":{"start":{"line":78,"column":0},"end":{"line":78,"column":13}},"78":{"start":{"line":79,"column":0},"end":{"line":79,"column":7}},"79":{"start":{"line":80,"column":0},"end":{"line":80,"column":0}},"80":{"start":{"line":81,"column":0},"end":{"line":81,"column":33}},"81":{"start":{"line":82,"column":0},"end":{"line":82,"column":29}},"82":{"start":{"line":83,"column":0},"end":{"line":83,"column":5}},"83":{"start":{"line":84,"column":0},"end":{"line":84,"column":0}},"84":{"start":{"line":85,"column":0},"end":{"line":85,"column":20}},"85":{"start":{"line":86,"column":0},"end":{"line":86,"column":4}},"86":{"start":{"line":87,"column":0},"end":{"line":87,"column":1}},"87":{"start":{"line":88,"column":0},"end":{"line":88,"column":0}},"88":{"start":{"line":89,"column":0},"end":{"line":89,"column":29}}},"s":{"0":1,"1":1,"2":1,"3":1,"4":1,"5":1,"6":1,"7":1,"8":8,"9":8,"10":4,"11":4,"12":4,"13":4,"14":4,"15":4,"16":4,"17":4,"18":4,"19":4,"20":4,"21":4,"22":8,"23":8,"24":8,"25":4,"26":4,"27":4,"28":4,"29":4,"30":4,"31":4,"32":4,"33":4,"34":4,"35":4,"36":4,"37":8,"38":8,"39":8,"40":8,"41":8,"42":8,"43":8,"44":8,"45":1,"46":1,"47":1,"48":7,"49":8,"50":8,"51":8,"52":8,"53":8,"54":8,"55":8,"56":8,"57":8,"58":1,"59":1,"60":8,"61":8,"62":8,"63":8,"64":8,"65":8,"66":8,"67":8,"68":8,"69":8,"70":1,"71":1,"72":1,"73":7,"74":8,"75":8,"76":8,"77":8,"78":8,"79":8,"80":8,"81":2,"82":2,"83":8,"84":8,"85":8,"86":8,"87":1,"88":1},"branchMap":{"0":{"type":"branch","line":9,"loc":{"start":{"line":9,"column":0},"end":{"line":87,"column":1}},"locations":[{"start":{"line":9,"column":0},"end":{"line":87,"column":1}}]},"1":{"type":"branch","line":10,"loc":{"start":{"line":10,"column":30},"end":{"line":23,"column":3}},"locations":[{"start":{"line":10,"column":30},"end":{"line":23,"column":3}}]},"2":{"type":"branch","line":25,"loc":{"start":{"line":25,"column":26},"end":{"line":38,"column":3}},"locations":[{"start":{"line":25,"column":26},"end":{"line":38,"column":3}}]},"3":{"type":"branch","line":40,"loc":{"start":{"line":40,"column":28},"end":{"line":63,"column":3}},"locations":[{"start":{"line":40,"column":28},"end":{"line":63,"column":3}}]},"4":{"type":"branch","line":45,"loc":{"start":{"line":45,"column":40},"end":{"line":48,"column":5}},"locations":[{"start":{"line":45,"column":40},"end":{"line":48,"column":5}}]},"5":{"type":"branch","line":49,"loc":{"start":{"line":49,"column":-1},"end":{"line":50,"column":29}},"locations":[{"start":{"line":49,"column":-1},"end":{"line":50,"column":29}}]},"6":{"type":"branch","line":50,"loc":{"start":{"line":50,"column":25},"end":{"line":50,"column":29}},"locations":[{"start":{"line":50,"column":25},"end":{"line":50,"column":29}}]},"7":{"type":"branch","line":50,"loc":{"start":{"line":50,"column":25},"end":{"line":50,"column":31}},"locations":[{"start":{"line":50,"column":25},"end":{"line":50,"column":31}}]},"8":{"type":"branch","line":58,"loc":{"start":{"line":58,"column":16},"end":{"line":58,"column":34}},"locations":[{"start":{"line":58,"column":16},"end":{"line":58,"column":34}}]},"9":{"type":"branch","line":58,"loc":{"start":{"line":58,"column":36},"end":{"line":60,"column":5}},"locations":[{"start":{"line":58,"column":36},"end":{"line":60,"column":5}}]},"10":{"type":"branch","line":65,"loc":{"start":{"line":65,"column":31},"end":{"line":86,"column":3}},"locations":[{"start":{"line":65,"column":31},"end":{"line":86,"column":3}}]},"11":{"type":"branch","line":70,"loc":{"start":{"line":70,"column":43},"end":{"line":73,"column":5}},"locations":[{"start":{"line":70,"column":43},"end":{"line":73,"column":5}}]},"12":{"type":"branch","line":74,"loc":{"start":{"line":74,"column":-1},"end":{"line":75,"column":35}},"locations":[{"start":{"line":74,"column":-1},"end":{"line":75,"column":35}}]},"13":{"type":"branch","line":75,"loc":{"start":{"line":75,"column":31},"end":{"line":75,"column":35}},"locations":[{"start":{"line":75,"column":31},"end":{"line":75,"column":35}}]},"14":{"type":"branch","line":75,"loc":{"start":{"line":75,"column":31},"end":{"line":75,"column":37}},"locations":[{"start":{"line":75,"column":31},"end":{"line":75,"column":37}}]},"15":{"type":"branch","line":81,"loc":{"start":{"line":81,"column":32},"end":{"line":83,"column":5}},"locations":[{"start":{"line":81,"column":32},"end":{"line":83,"column":5}}]}},"b":{"0":[8],"1":[4],"2":[4],"3":[8],"4":[1],"5":[7],"6":[7],"7":[0],"8":[6],"9":[1],"10":[8],"11":[1],"12":[7],"13":[7],"14":[0],"15":[2]},"fnMap":{"0":{"name":"AuthValidator","decl":{"start":{"line":9,"column":0},"end":{"line":87,"column":1}},"loc":{"start":{"line":9,"column":0},"end":{"line":87,"column":1}},"line":9},"1":{"name":"AuthValidator.registerValidation","decl":{"start":{"line":10,"column":30},"end":{"line":23,"column":3}},"loc":{"start":{"line":10,"column":30},"end":{"line":23,"column":3}},"line":10},"2":{"name":"AuthValidator.authValidation","decl":{"start":{"line":25,"column":26},"end":{"line":38,"column":3}},"loc":{"start":{"line":25,"column":26},"end":{"line":38,"column":3}},"line":25},"3":{"name":"AuthValidator.checkValidEmail","decl":{"start":{"line":40,"column":28},"end":{"line":63,"column":3}},"loc":{"start":{"line":40,"column":28},"end":{"line":63,"column":3}},"line":40},"4":{"name":"AuthValidator.checkValidPassword","decl":{"start":{"line":65,"column":31},"end":{"line":86,"column":3}},"loc":{"start":{"line":65,"column":31},"end":{"line":86,"column":3}},"line":65}},"f":{"0":8,"1":4,"2":4,"3":8,"4":8}}
,"/Users/vinicius/Projects/strv-address-vini-dutra/src/http/v1/validators/BaseValidator.ts": {"path":"/Users/vinicius/Projects/strv-address-vini-dutra/src/http/v1/validators/BaseValidator.ts","all":false,"statementMap":{"0":{"start":{"line":1,"column":0},"end":{"line":1,"column":74}},"1":{"start":{"line":2,"column":0},"end":{"line":2,"column":0}},"2":{"start":{"line":3,"column":0},"end":{"line":3,"column":21}},"3":{"start":{"line":4,"column":0},"end":{"line":4,"column":29}},"4":{"start":{"line":5,"column":0},"end":{"line":5,"column":0}},"5":{"start":{"line":6,"column":0},"end":{"line":6,"column":17}},"6":{"start":{"line":7,"column":0},"end":{"line":7,"column":21}},"7":{"start":{"line":8,"column":0},"end":{"line":8,"column":3}},"8":{"start":{"line":9,"column":0},"end":{"line":9,"column":0}},"9":{"start":{"line":10,"column":0},"end":{"line":10,"column":52}},"10":{"start":{"line":11,"column":0},"end":{"line":11,"column":56}},"11":{"start":{"line":12,"column":0},"end":{"line":12,"column":4}},"12":{"start":{"line":13,"column":0},"end":{"line":13,"column":0}},"13":{"start":{"line":14,"column":0},"end":{"line":14,"column":43}},"14":{"start":{"line":15,"column":0},"end":{"line":15,"column":28}},"15":{"start":{"line":16,"column":0},"end":{"line":16,"column":4}},"16":{"start":{"line":17,"column":0},"end":{"line":17,"column":0}},"17":{"start":{"line":18,"column":0},"end":{"line":18,"column":58}},"18":{"start":{"line":19,"column":0},"end":{"line":19,"column":54}},"19":{"start":{"line":20,"column":0},"end":{"line":20,"column":4}},"20":{"start":{"line":21,"column":0},"end":{"line":21,"column":0}},"21":{"start":{"line":22,"column":0},"end":{"line":22,"column":53}},"22":{"start":{"line":23,"column":0},"end":{"line":23,"column":33}},"23":{"start":{"line":24,"column":0},"end":{"line":24,"column":41}},"24":{"start":{"line":25,"column":0},"end":{"line":25,"column":5}},"25":{"start":{"line":26,"column":0},"end":{"line":26,"column":4}},"26":{"start":{"line":27,"column":0},"end":{"line":27,"column":1}},"27":{"start":{"line":28,"column":0},"end":{"line":28,"column":0}},"28":{"start":{"line":29,"column":0},"end":{"line":29,"column":29}}},"s":{"0":1,"1":1,"2":1,"3":1,"4":1,"5":1,"6":10,"7":10,"8":1,"9":1,"10":4,"11":1,"12":1,"13":1,"14":9,"15":1,"16":1,"17":1,"18":24,"19":1,"20":1,"21":1,"22":10,"23":4,"24":4,"25":1,"26":1,"27":1,"28":1},"branchMap":{"0":{"type":"branch","line":6,"loc":{"start":{"line":6,"column":2},"end":{"line":8,"column":3}},"locations":[{"start":{"line":6,"column":2},"end":{"line":8,"column":3}}]},"1":{"type":"branch","line":10,"loc":{"start":{"line":10,"column":29},"end":{"line":12,"column":3}},"locations":[{"start":{"line":10,"column":29},"end":{"line":12,"column":3}}]},"2":{"type":"branch","line":14,"loc":{"start":{"line":14,"column":23},"end":{"line":16,"column":3}},"locations":[{"start":{"line":14,"column":23},"end":{"line":16,"column":3}}]},"3":{"type":"branch","line":18,"loc":{"start":{"line":18,"column":33},"end":{"line":20,"column":3}},"locations":[{"start":{"line":18,"column":33},"end":{"line":20,"column":3}}]},"4":{"type":"branch","line":22,"loc":{"start":{"line":22,"column":24},"end":{"line":26,"column":3}},"locations":[{"start":{"line":22,"column":24},"end":{"line":26,"column":3}}]},"5":{"type":"branch","line":23,"loc":{"start":{"line":23,"column":32},"end":{"line":25,"column":5}},"locations":[{"start":{"line":23,"column":32},"end":{"line":25,"column":5}}]},"6":{"type":"branch","line":24,"loc":{"start":{"line":24,"column":33},"end":{"line":24,"column":32}},"locations":[{"start":{"line":24,"column":33},"end":{"line":24,"column":32}}]},"7":{"type":"branch","line":24,"loc":{"start":{"line":24,"column":33},"end":{"line":24,"column":39}},"locations":[{"start":{"line":24,"column":33},"end":{"line":24,"column":39}}]}},"b":{"0":[10],"1":[4],"2":[9],"3":[24],"4":[10],"5":[4],"6":[1],"7":[3]},"fnMap":{"0":{"name":"BaseValidator","decl":{"start":{"line":6,"column":2},"end":{"line":8,"column":3}},"loc":{"start":{"line":6,"column":2},"end":{"line":8,"column":3}},"line":6},"1":{"name":"BaseValidator.validationFail","decl":{"start":{"line":10,"column":29},"end":{"line":12,"column":3}},"loc":{"start":{"line":10,"column":29},"end":{"line":12,"column":3}},"line":10},"2":{"name":"BaseValidator.setError","decl":{"start":{"line":14,"column":23},"end":{"line":16,"column":3}},"loc":{"start":{"line":14,"column":23},"end":{"line":16,"column":3}},"line":14},"3":{"name":"BaseValidator.isUndefinedOrEmpty","decl":{"start":{"line":18,"column":33},"end":{"line":20,"column":3}},"loc":{"start":{"line":18,"column":33},"end":{"line":20,"column":3}},"line":18},"4":{"name":"BaseValidator.hasErrors","decl":{"start":{"line":22,"column":24},"end":{"line":26,"column":3}},"loc":{"start":{"line":22,"column":24},"end":{"line":26,"column":3}},"line":22}},"f":{"0":10,"1":4,"2":9,"3":24,"4":10}}
,"/Users/vinicius/Projects/strv-address-vini-dutra/src/http/v1/validators/ContactValidator.ts": {"path":"/Users/vinicius/Projects/strv-address-vini-dutra/src/http/v1/validators/ContactValidator.ts","all":false,"statementMap":{"0":{"start":{"line":1,"column":0},"end":{"line":1,"column":44}},"1":{"start":{"line":2,"column":0},"end":{"line":2,"column":34}},"2":{"start":{"line":3,"column":0},"end":{"line":3,"column":34}},"3":{"start":{"line":4,"column":0},"end":{"line":4,"column":62}},"4":{"start":{"line":5,"column":0},"end":{"line":5,"column":50}},"5":{"start":{"line":6,"column":0},"end":{"line":6,"column":0}},"6":{"start":{"line":7,"column":0},"end":{"line":7,"column":46}},"7":{"start":{"line":8,"column":0},"end":{"line":8,"column":55}},"8":{"start":{"line":9,"column":0},"end":{"line":9,"column":77}},"9":{"start":{"line":10,"column":0},"end":{"line":10,"column":0}},"10":{"start":{"line":11,"column":0},"end":{"line":11,"column":21}},"11":{"start":{"line":12,"column":0},"end":{"line":12,"column":23}},"12":{"start":{"line":13,"column":0},"end":{"line":13,"column":57}},"13":{"start":{"line":14,"column":0},"end":{"line":14,"column":66}},"14":{"start":{"line":15,"column":0},"end":{"line":15,"column":63}},"15":{"start":{"line":16,"column":0},"end":{"line":16,"column":72}},"16":{"start":{"line":17,"column":0},"end":{"line":17,"column":45}},"17":{"start":{"line":18,"column":0},"end":{"line":18,"column":45}},"18":{"start":{"line":19,"column":0},"end":{"line":19,"column":6}},"19":{"start":{"line":20,"column":0},"end":{"line":20,"column":0}},"20":{"start":{"line":21,"column":0},"end":{"line":21,"column":28}},"21":{"start":{"line":22,"column":0},"end":{"line":22,"column":0}},"22":{"start":{"line":23,"column":0},"end":{"line":23,"column":19}},"23":{"start":{"line":24,"column":0},"end":{"line":24,"column":4}},"24":{"start":{"line":25,"column":0},"end":{"line":25,"column":0}},"25":{"start":{"line":26,"column":0},"end":{"line":26,"column":71}},"26":{"start":{"line":27,"column":0},"end":{"line":27,"column":21}},"27":{"start":{"line":28,"column":0},"end":{"line":28,"column":75}},"28":{"start":{"line":29,"column":0},"end":{"line":29,"column":6}},"29":{"start":{"line":30,"column":0},"end":{"line":30,"column":0}},"30":{"start":{"line":31,"column":0},"end":{"line":31,"column":41}},"31":{"start":{"line":32,"column":0},"end":{"line":32,"column":29}},"32":{"start":{"line":33,"column":0},"end":{"line":33,"column":19}},"33":{"start":{"line":34,"column":0},"end":{"line":34,"column":5}},"34":{"start":{"line":35,"column":0},"end":{"line":35,"column":0}},"35":{"start":{"line":36,"column":0},"end":{"line":36,"column":32}},"36":{"start":{"line":37,"column":0},"end":{"line":37,"column":0}},"37":{"start":{"line":38,"column":0},"end":{"line":38,"column":53}},"38":{"start":{"line":39,"column":0},"end":{"line":39,"column":13}},"39":{"start":{"line":40,"column":0},"end":{"line":40,"column":15}},"40":{"start":{"line":41,"column":0},"end":{"line":41,"column":7}},"41":{"start":{"line":42,"column":0},"end":{"line":42,"column":0}},"42":{"start":{"line":43,"column":0},"end":{"line":43,"column":25}},"43":{"start":{"line":44,"column":0},"end":{"line":44,"column":29}},"44":{"start":{"line":45,"column":0},"end":{"line":45,"column":5}},"45":{"start":{"line":46,"column":0},"end":{"line":46,"column":0}},"46":{"start":{"line":47,"column":0},"end":{"line":47,"column":17}},"47":{"start":{"line":48,"column":0},"end":{"line":48,"column":4}},"48":{"start":{"line":49,"column":0},"end":{"line":49,"column":1}},"49":{"start":{"line":50,"column":0},"end":{"line":50,"column":0}},"50":{"start":{"line":51,"column":0},"end":{"line":51,"column":32}}},"s":{"0":1,"1":1,"2":1,"3":1,"4":1,"5":1,"6":2,"7":2,"8":2,"9":2,"10":2,"11":2,"12":2,"13":2,"14":2,"15":2,"16":2,"17":2,"18":2,"19":2,"20":2,"21":2,"22":2,"23":2,"24":2,"25":2,"26":8,"27":8,"28":8,"29":8,"30":8,"31":3,"32":3,"33":3,"34":8,"35":8,"36":8,"37":8,"38":8,"39":8,"40":8,"41":8,"42":8,"43":1,"44":1,"45":8,"46":8,"47":2,"48":2,"49":1,"50":1},"branchMap":{"0":{"type":"branch","line":7,"loc":{"start":{"line":7,"column":0},"end":{"line":49,"column":1}},"locations":[{"start":{"line":7,"column":0},"end":{"line":49,"column":1}}]},"1":{"type":"branch","line":8,"loc":{"start":{"line":8,"column":27},"end":{"line":24,"column":3}},"locations":[{"start":{"line":8,"column":27},"end":{"line":24,"column":3}}]},"2":{"type":"branch","line":26,"loc":{"start":{"line":26,"column":29},"end":{"line":48,"column":3}},"locations":[{"start":{"line":26,"column":29},"end":{"line":48,"column":3}}]},"3":{"type":"branch","line":31,"loc":{"start":{"line":31,"column":40},"end":{"line":34,"column":5}},"locations":[{"start":{"line":31,"column":40},"end":{"line":34,"column":5}}]},"4":{"type":"branch","line":36,"loc":{"start":{"line":36,"column":25},"end":{"line":36,"column":29}},"locations":[{"start":{"line":36,"column":25},"end":{"line":36,"column":29}}]},"5":{"type":"branch","line":36,"loc":{"start":{"line":36,"column":25},"end":{"line":36,"column":31}},"locations":[{"start":{"line":36,"column":25},"end":{"line":36,"column":31}}]},"6":{"type":"branch","line":43,"loc":{"start":{"line":43,"column":24},"end":{"line":45,"column":5}},"locations":[{"start":{"line":43,"column":24},"end":{"line":45,"column":5}}]}},"b":{"0":[2],"1":[2],"2":[8],"3":[3],"4":[5],"5":[0],"6":[1]},"fnMap":{"0":{"name":"ContactValidator","decl":{"start":{"line":7,"column":0},"end":{"line":49,"column":1}},"loc":{"start":{"line":7,"column":0},"end":{"line":49,"column":1}},"line":7},"1":{"name":"ContactValidator.storeValidation","decl":{"start":{"line":8,"column":27},"end":{"line":24,"column":3}},"loc":{"start":{"line":8,"column":27},"end":{"line":24,"column":3}},"line":8},"2":{"name":"ContactValidator.checkValidString","decl":{"start":{"line":26,"column":29},"end":{"line":48,"column":3}},"loc":{"start":{"line":26,"column":29},"end":{"line":48,"column":3}},"line":26}},"f":{"0":2,"1":2,"2":8}}
,"/Users/vinicius/Projects/strv-address-vini-dutra/src/libs/date.ts": {"path":"/Users/vinicius/Projects/strv-address-vini-dutra/src/libs/date.ts","all":false,"statementMap":{"0":{"start":{"line":1,"column":0},"end":{"line":1,"column":40}},"1":{"start":{"line":2,"column":0},"end":{"line":2,"column":25}},"2":{"start":{"line":3,"column":0},"end":{"line":3,"column":0}},"3":{"start":{"line":4,"column":0},"end":{"line":4,"column":33}},"4":{"start":{"line":5,"column":0},"end":{"line":5,"column":31}},"5":{"start":{"line":6,"column":0},"end":{"line":6,"column":27}},"6":{"start":{"line":7,"column":0},"end":{"line":7,"column":30}},"7":{"start":{"line":8,"column":0},"end":{"line":8,"column":35}},"8":{"start":{"line":9,"column":0},"end":{"line":9,"column":35}},"9":{"start":{"line":10,"column":0},"end":{"line":10,"column":0}},"10":{"start":{"line":11,"column":0},"end":{"line":11,"column":65}},"11":{"start":{"line":12,"column":0},"end":{"line":12,"column":2}},"12":{"start":{"line":13,"column":0},"end":{"line":13,"column":0}},"13":{"start":{"line":14,"column":0},"end":{"line":14,"column":36}}},"s":{"0":1,"1":4,"2":4,"3":4,"4":4,"5":4,"6":4,"7":4,"8":4,"9":4,"10":4,"11":4,"12":1,"13":1},"branchMap":{"0":{"type":"branch","line":1,"loc":{"start":{"line":1,"column":33},"end":{"line":12,"column":2}},"locations":[{"start":{"line":1,"column":33},"end":{"line":12,"column":2}}]}},"b":{"0":[4]},"fnMap":{"0":{"name":"getNowWithDatabaseFormat","decl":{"start":{"line":1,"column":33},"end":{"line":12,"column":2}},"loc":{"start":{"line":1,"column":33},"end":{"line":12,"column":2}},"line":1}},"f":{"0":4}}
,"/Users/vinicius/Projects/strv-address-vini-dutra/src/libs/encrypt.ts": {"path":"/Users/vinicius/Projects/strv-address-vini-dutra/src/libs/encrypt.ts","all":false,"statementMap":{"0":{"start":{"line":1,"column":0},"end":{"line":1,"column":28}},"1":{"start":{"line":2,"column":0},"end":{"line":2,"column":0}},"2":{"start":{"line":3,"column":0},"end":{"line":3,"column":24}},"3":{"start":{"line":4,"column":0},"end":{"line":4,"column":0}},"4":{"start":{"line":5,"column":0},"end":{"line":5,"column":43}},"5":{"start":{"line":6,"column":0},"end":{"line":6,"column":38}},"6":{"start":{"line":7,"column":0},"end":{"line":7,"column":2}},"7":{"start":{"line":8,"column":0},"end":{"line":8,"column":0}},"8":{"start":{"line":9,"column":0},"end":{"line":9,"column":60}},"9":{"start":{"line":10,"column":0},"end":{"line":10,"column":41}},"10":{"start":{"line":11,"column":0},"end":{"line":11,"column":2}},"11":{"start":{"line":12,"column":0},"end":{"line":12,"column":0}},"12":{"start":{"line":13,"column":0},"end":{"line":13,"column":25}}},"s":{"0":1,"1":1,"2":1,"3":1,"4":1,"5":10,"6":10,"7":1,"8":1,"9":2,"10":2,"11":1,"12":1},"branchMap":{"0":{"type":"branch","line":5,"loc":{"start":{"line":5,"column":13},"end":{"line":7,"column":2}},"locations":[{"start":{"line":5,"column":13},"end":{"line":7,"column":2}}]},"1":{"type":"branch","line":9,"loc":{"start":{"line":9,"column":16},"end":{"line":11,"column":2}},"locations":[{"start":{"line":9,"column":16},"end":{"line":11,"column":2}}]}},"b":{"0":[10],"1":[2]},"fnMap":{"0":{"name":"hash","decl":{"start":{"line":5,"column":13},"end":{"line":7,"column":2}},"loc":{"start":{"line":5,"column":13},"end":{"line":7,"column":2}},"line":5},"1":{"name":"compare","decl":{"start":{"line":9,"column":16},"end":{"line":11,"column":2}},"loc":{"start":{"line":9,"column":16},"end":{"line":11,"column":2}},"line":9}},"f":{"0":10,"1":2}}
,"/Users/vinicius/Projects/strv-address-vini-dutra/src/libs/jwt.ts": {"path":"/Users/vinicius/Projects/strv-address-vini-dutra/src/libs/jwt.ts","all":false,"statementMap":{"0":{"start":{"line":1,"column":0},"end":{"line":1,"column":71}},"1":{"start":{"line":2,"column":0},"end":{"line":2,"column":38}},"2":{"start":{"line":3,"column":0},"end":{"line":3,"column":0}},"3":{"start":{"line":4,"column":0},"end":{"line":4,"column":60}},"4":{"start":{"line":5,"column":0},"end":{"line":5,"column":0}},"5":{"start":{"line":6,"column":0},"end":{"line":6,"column":32}},"6":{"start":{"line":7,"column":0},"end":{"line":7,"column":0}},"7":{"start":{"line":8,"column":0},"end":{"line":8,"column":30}},"8":{"start":{"line":9,"column":0},"end":{"line":9,"column":59}},"9":{"start":{"line":10,"column":0},"end":{"line":10,"column":31}},"10":{"start":{"line":11,"column":0},"end":{"line":11,"column":2}},"11":{"start":{"line":12,"column":0},"end":{"line":12,"column":0}},"12":{"start":{"line":13,"column":0},"end":{"line":13,"column":57}},"13":{"start":{"line":14,"column":0},"end":{"line":14,"column":60}},"14":{"start":{"line":15,"column":0},"end":{"line":15,"column":1}},"15":{"start":{"line":16,"column":0},"end":{"line":16,"column":0}},"16":{"start":{"line":17,"column":0},"end":{"line":17,"column":61}},"17":{"start":{"line":18,"column":0},"end":{"line":18,"column":48}},"18":{"start":{"line":19,"column":0},"end":{"line":19,"column":2}},"19":{"start":{"line":20,"column":0},"end":{"line":20,"column":0}},"20":{"start":{"line":21,"column":0},"end":{"line":21,"column":16}},"21":{"start":{"line":22,"column":0},"end":{"line":22,"column":13}},"22":{"start":{"line":23,"column":0},"end":{"line":23,"column":14}},"23":{"start":{"line":24,"column":0},"end":{"line":24,"column":14}},"24":{"start":{"line":25,"column":0},"end":{"line":25,"column":1}},"25":{"start":{"line":26,"column":0},"end":{"line":26,"column":0}},"26":{"start":{"line":27,"column":0},"end":{"line":27,"column":44}}},"s":{"0":1,"1":1,"2":1,"3":1,"4":1,"5":1,"6":1,"7":1,"8":1,"9":1,"10":1,"11":1,"12":2,"13":2,"14":2,"15":1,"16":1,"17":0,"18":0,"19":1,"20":1,"21":1,"22":1,"23":1,"24":1,"25":1,"26":1},"branchMap":{"0":{"type":"branch","line":13,"loc":{"start":{"line":13,"column":0},"end":{"line":15,"column":1}},"locations":[{"start":{"line":13,"column":0},"end":{"line":15,"column":1}}]}},"b":{"0":[2]},"fnMap":{"0":{"name":"generateToken","decl":{"start":{"line":13,"column":0},"end":{"line":15,"column":1}},"loc":{"start":{"line":13,"column":0},"end":{"line":15,"column":1}},"line":13},"1":{"name":"verifyToken","decl":{"start":{"line":17,"column":20},"end":{"line":19,"column":2}},"loc":{"start":{"line":17,"column":20},"end":{"line":19,"column":2}},"line":17}},"f":{"0":2,"1":0}}
,"/Users/vinicius/Projects/strv-address-vini-dutra/src/models/User.ts": {"path":"/Users/vinicius/Projects/strv-address-vini-dutra/src/models/User.ts","all":false,"statementMap":{"0":{"start":{"line":1,"column":0},"end":{"line":1,"column":12}},"1":{"start":{"line":2,"column":0},"end":{"line":2,"column":13}},"2":{"start":{"line":3,"column":0},"end":{"line":3,"column":16}},"3":{"start":{"line":4,"column":0},"end":{"line":4,"column":19}},"4":{"start":{"line":5,"column":0},"end":{"line":5,"column":19}},"5":{"start":{"line":6,"column":0},"end":{"line":6,"column":19}},"6":{"start":{"line":7,"column":0},"end":{"line":7,"column":1}},"7":{"start":{"line":8,"column":0},"end":{"line":8,"column":0}},"8":{"start":{"line":9,"column":0},"end":{"line":9,"column":16}}},"s":{"0":1,"1":1,"2":1,"3":1,"4":1,"5":1,"6":1,"7":1,"8":1},"branchMap":{},"b":{},"fnMap":{},"f":{}}
,"/Users/vinicius/Projects/strv-address-vini-dutra/src/repositories/ContactsRepository.ts": {"path":"/Users/vinicius/Projects/strv-address-vini-dutra/src/repositories/ContactsRepository.ts","all":false,"statementMap":{"0":{"start":{"line":1,"column":0},"end":{"line":1,"column":44}},"1":{"start":{"line":2,"column":0},"end":{"line":2,"column":0}},"2":{"start":{"line":3,"column":0},"end":{"line":3,"column":38}},"3":{"start":{"line":4,"column":0},"end":{"line":4,"column":42}},"4":{"start":{"line":5,"column":0},"end":{"line":5,"column":26}},"5":{"start":{"line":6,"column":0},"end":{"line":6,"column":1}},"6":{"start":{"line":7,"column":0},"end":{"line":7,"column":57}},"7":{"start":{"line":8,"column":0},"end":{"line":8,"column":34}},"8":{"start":{"line":9,"column":0},"end":{"line":9,"column":0}},"9":{"start":{"line":10,"column":0},"end":{"line":10,"column":48}},"10":{"start":{"line":11,"column":0},"end":{"line":11,"column":33}},"11":{"start":{"line":12,"column":0},"end":{"line":12,"column":3}},"12":{"start":{"line":13,"column":0},"end":{"line":13,"column":0}},"13":{"start":{"line":14,"column":0},"end":{"line":14,"column":22}},"14":{"start":{"line":15,"column":0},"end":{"line":15,"column":45}},"15":{"start":{"line":16,"column":0},"end":{"line":16,"column":14}},"16":{"start":{"line":17,"column":0},"end":{"line":17,"column":18}},"17":{"start":{"line":18,"column":0},"end":{"line":18,"column":3}},"18":{"start":{"line":19,"column":0},"end":{"line":19,"column":0}},"19":{"start":{"line":20,"column":0},"end":{"line":20,"column":43}},"20":{"start":{"line":21,"column":0},"end":{"line":21,"column":47}},"21":{"start":{"line":22,"column":0},"end":{"line":22,"column":14}},"22":{"start":{"line":23,"column":0},"end":{"line":23,"column":18}},"23":{"start":{"line":24,"column":0},"end":{"line":24,"column":3}},"24":{"start":{"line":25,"column":0},"end":{"line":25,"column":1}},"25":{"start":{"line":26,"column":0},"end":{"line":26,"column":0}},"26":{"start":{"line":27,"column":0},"end":{"line":27,"column":34}}},"s":{"0":1,"1":1,"2":1,"3":1,"4":1,"5":1,"6":1,"7":1,"8":1,"9":1,"10":2,"11":2,"12":1,"13":1,"14":1,"15":1,"16":1,"17":1,"18":1,"19":1,"20":1,"21":1,"22":1,"23":1,"24":1,"25":1,"26":1},"branchMap":{"0":{"type":"branch","line":10,"loc":{"start":{"line":10,"column":2},"end":{"line":12,"column":3}},"locations":[{"start":{"line":10,"column":2},"end":{"line":12,"column":3}}]},"1":{"type":"branch","line":14,"loc":{"start":{"line":14,"column":2},"end":{"line":18,"column":3}},"locations":[{"start":{"line":14,"column":2},"end":{"line":18,"column":3}}]},"2":{"type":"branch","line":20,"loc":{"start":{"line":20,"column":2},"end":{"line":24,"column":3}},"locations":[{"start":{"line":20,"column":2},"end":{"line":24,"column":3}}]}},"b":{"0":[2],"1":[1],"2":[1]},"fnMap":{"0":{"name":"ContactsRepository","decl":{"start":{"line":10,"column":2},"end":{"line":12,"column":3}},"loc":{"start":{"line":10,"column":2},"end":{"line":12,"column":3}},"line":10},"1":{"name":"add","decl":{"start":{"line":14,"column":2},"end":{"line":18,"column":3}},"loc":{"start":{"line":14,"column":2},"end":{"line":18,"column":3}},"line":14},"2":{"name":"get","decl":{"start":{"line":20,"column":2},"end":{"line":24,"column":3}},"loc":{"start":{"line":20,"column":2},"end":{"line":24,"column":3}},"line":20}},"f":{"0":2,"1":1,"2":1}}
,"/Users/vinicius/Projects/strv-address-vini-dutra/src/repositories/UsersRepository.ts": {"path":"/Users/vinicius/Projects/strv-address-vini-dutra/src/repositories/UsersRepository.ts","all":false,"statementMap":{"0":{"start":{"line":1,"column":0},"end":{"line":1,"column":38}},"1":{"start":{"line":2,"column":0},"end":{"line":2,"column":0}},"2":{"start":{"line":3,"column":0},"end":{"line":3,"column":34}},"3":{"start":{"line":4,"column":0},"end":{"line":4,"column":51}},"4":{"start":{"line":5,"column":0},"end":{"line":5,"column":33}},"5":{"start":{"line":6,"column":0},"end":{"line":6,"column":1}},"6":{"start":{"line":7,"column":0},"end":{"line":7,"column":50}},"7":{"start":{"line":8,"column":0},"end":{"line":8,"column":30}},"8":{"start":{"line":9,"column":0},"end":{"line":9,"column":0}},"9":{"start":{"line":10,"column":0},"end":{"line":10,"column":44}},"10":{"start":{"line":11,"column":0},"end":{"line":11,"column":33}},"11":{"start":{"line":12,"column":0},"end":{"line":12,"column":3}},"12":{"start":{"line":13,"column":0},"end":{"line":13,"column":0}},"13":{"start":{"line":14,"column":0},"end":{"line":14,"column":40}},"14":{"start":{"line":15,"column":0},"end":{"line":15,"column":51}},"15":{"start":{"line":16,"column":0},"end":{"line":16,"column":14}},"16":{"start":{"line":17,"column":0},"end":{"line":17,"column":18}},"17":{"start":{"line":18,"column":0},"end":{"line":18,"column":3}},"18":{"start":{"line":19,"column":0},"end":{"line":19,"column":0}},"19":{"start":{"line":20,"column":0},"end":{"line":20,"column":61}},"20":{"start":{"line":21,"column":0},"end":{"line":21,"column":59}},"21":{"start":{"line":22,"column":0},"end":{"line":22,"column":14}},"22":{"start":{"line":23,"column":0},"end":{"line":23,"column":18}},"23":{"start":{"line":24,"column":0},"end":{"line":24,"column":3}},"24":{"start":{"line":25,"column":0},"end":{"line":25,"column":1}},"25":{"start":{"line":26,"column":0},"end":{"line":26,"column":0}},"26":{"start":{"line":27,"column":0},"end":{"line":27,"column":31}}},"s":{"0":1,"1":1,"2":1,"3":1,"4":1,"5":1,"6":1,"7":1,"8":1,"9":1,"10":2,"11":2,"12":1,"13":1,"14":1,"15":1,"16":1,"17":1,"18":1,"19":1,"20":1,"21":1,"22":1,"23":1,"24":1,"25":1,"26":1},"branchMap":{"0":{"type":"branch","line":10,"loc":{"start":{"line":10,"column":2},"end":{"line":12,"column":3}},"locations":[{"start":{"line":10,"column":2},"end":{"line":12,"column":3}}]},"1":{"type":"branch","line":14,"loc":{"start":{"line":14,"column":2},"end":{"line":18,"column":3}},"locations":[{"start":{"line":14,"column":2},"end":{"line":18,"column":3}}]},"2":{"type":"branch","line":20,"loc":{"start":{"line":20,"column":2},"end":{"line":24,"column":3}},"locations":[{"start":{"line":20,"column":2},"end":{"line":24,"column":3}}]}},"b":{"0":[2],"1":[1],"2":[1]},"fnMap":{"0":{"name":"UsersRepository","decl":{"start":{"line":10,"column":2},"end":{"line":12,"column":3}},"loc":{"start":{"line":10,"column":2},"end":{"line":12,"column":3}},"line":10},"1":{"name":"add","decl":{"start":{"line":14,"column":2},"end":{"line":18,"column":3}},"loc":{"start":{"line":14,"column":2},"end":{"line":18,"column":3}},"line":14},"2":{"name":"getByEmail","decl":{"start":{"line":20,"column":2},"end":{"line":24,"column":3}},"loc":{"start":{"line":20,"column":2},"end":{"line":24,"column":3}},"line":20}},"f":{"0":2,"1":1,"2":1}}
,"/Users/vinicius/Projects/strv-address-vini-dutra/src/repositories/firebase/ContactsFirebaseRepository.ts": {"path":"/Users/vinicius/Projects/strv-address-vini-dutra/src/repositories/firebase/ContactsFirebaseRepository.ts","all":false,"statementMap":{"0":{"start":{"line":1,"column":0},"end":{"line":1,"column":50}},"1":{"start":{"line":2,"column":0},"end":{"line":2,"column":47}},"2":{"start":{"line":3,"column":0},"end":{"line":3,"column":60}},"3":{"start":{"line":4,"column":0},"end":{"line":4,"column":0}},"4":{"start":{"line":5,"column":0},"end":{"line":5,"column":65}},"5":{"start":{"line":6,"column":0},"end":{"line":6,"column":21}},"6":{"start":{"line":7,"column":0},"end":{"line":7,"column":86}},"7":{"start":{"line":8,"column":0},"end":{"line":8,"column":0}},"8":{"start":{"line":9,"column":0},"end":{"line":9,"column":17}},"9":{"start":{"line":10,"column":0},"end":{"line":10,"column":33}},"10":{"start":{"line":11,"column":0},"end":{"line":11,"column":63}},"11":{"start":{"line":12,"column":0},"end":{"line":12,"column":3}},"12":{"start":{"line":13,"column":0},"end":{"line":13,"column":0}},"13":{"start":{"line":14,"column":0},"end":{"line":14,"column":55}},"14":{"start":{"line":15,"column":0},"end":{"line":15,"column":81}},"15":{"start":{"line":16,"column":0},"end":{"line":16,"column":24}},"16":{"start":{"line":17,"column":0},"end":{"line":17,"column":0}},"17":{"start":{"line":18,"column":0},"end":{"line":18,"column":34}},"18":{"start":{"line":19,"column":0},"end":{"line":19,"column":36}},"19":{"start":{"line":20,"column":0},"end":{"line":20,"column":7}},"20":{"start":{"line":21,"column":0},"end":{"line":21,"column":0}},"21":{"start":{"line":22,"column":0},"end":{"line":22,"column":20}},"22":{"start":{"line":23,"column":0},"end":{"line":23,"column":4}},"23":{"start":{"line":24,"column":0},"end":{"line":24,"column":0}},"24":{"start":{"line":25,"column":0},"end":{"line":25,"column":52}},"25":{"start":{"line":26,"column":0},"end":{"line":26,"column":53}},"26":{"start":{"line":27,"column":0},"end":{"line":27,"column":59}},"27":{"start":{"line":28,"column":0},"end":{"line":28,"column":0}},"28":{"start":{"line":29,"column":0},"end":{"line":29,"column":19}},"29":{"start":{"line":30,"column":0},"end":{"line":30,"column":4}},"30":{"start":{"line":31,"column":0},"end":{"line":31,"column":1}},"31":{"start":{"line":32,"column":0},"end":{"line":32,"column":0}},"32":{"start":{"line":33,"column":0},"end":{"line":33,"column":42}}},"s":{"0":1,"1":1,"2":1,"3":1,"4":1,"5":1,"6":1,"7":1,"8":1,"9":4,"10":4,"11":4,"12":1,"13":1,"14":1,"15":1,"16":1,"17":1,"18":1,"19":1,"20":1,"21":1,"22":1,"23":1,"24":1,"25":1,"26":1,"27":1,"28":1,"29":1,"30":1,"31":1,"32":1},"branchMap":{"0":{"type":"branch","line":9,"loc":{"start":{"line":9,"column":2},"end":{"line":12,"column":3}},"locations":[{"start":{"line":9,"column":2},"end":{"line":12,"column":3}}]},"1":{"type":"branch","line":14,"loc":{"start":{"line":14,"column":8},"end":{"line":23,"column":3}},"locations":[{"start":{"line":14,"column":8},"end":{"line":23,"column":3}}]},"2":{"type":"branch","line":18,"loc":{"start":{"line":18,"column":20},"end":{"line":20,"column":5}},"locations":[{"start":{"line":18,"column":20},"end":{"line":20,"column":5}}]},"3":{"type":"branch","line":25,"loc":{"start":{"line":25,"column":8},"end":{"line":30,"column":3}},"locations":[{"start":{"line":25,"column":8},"end":{"line":30,"column":3}}]}},"b":{"0":[4],"1":[1],"2":[1],"3":[1]},"fnMap":{"0":{"name":"ContactsFirebaseRepository","decl":{"start":{"line":9,"column":2},"end":{"line":12,"column":3}},"loc":{"start":{"line":9,"column":2},"end":{"line":12,"column":3}},"line":9},"1":{"name":"ContactsFirebaseRepository.get","decl":{"start":{"line":14,"column":8},"end":{"line":23,"column":3}},"loc":{"start":{"line":14,"column":8},"end":{"line":23,"column":3}},"line":14},"2":{"name":"ContactsFirebaseRepository.add","decl":{"start":{"line":25,"column":8},"end":{"line":30,"column":3}},"loc":{"start":{"line":25,"column":8},"end":{"line":30,"column":3}},"line":25}},"f":{"0":4,"1":1,"2":1}}
,"/Users/vinicius/Projects/strv-address-vini-dutra/src/repositories/postgres/UsersPostgresRepository.ts": {"path":"/Users/vinicius/Projects/strv-address-vini-dutra/src/repositories/postgres/UsersPostgresRepository.ts","all":false,"statementMap":{"0":{"start":{"line":1,"column":0},"end":{"line":1,"column":66}},"1":{"start":{"line":2,"column":0},"end":{"line":2,"column":41}},"2":{"start":{"line":3,"column":0},"end":{"line":3,"column":53}},"3":{"start":{"line":4,"column":0},"end":{"line":4,"column":73}},"4":{"start":{"line":5,"column":0},"end":{"line":5,"column":52}},"5":{"start":{"line":6,"column":0},"end":{"line":6,"column":47}},"6":{"start":{"line":7,"column":0},"end":{"line":7,"column":0}},"7":{"start":{"line":8,"column":0},"end":{"line":8,"column":57}},"8":{"start":{"line":9,"column":0},"end":{"line":9,"column":27}},"9":{"start":{"line":10,"column":0},"end":{"line":10,"column":0}},"10":{"start":{"line":11,"column":0},"end":{"line":11,"column":17}},"11":{"start":{"line":12,"column":0},"end":{"line":12,"column":33}},"12":{"start":{"line":13,"column":0},"end":{"line":13,"column":3}},"13":{"start":{"line":14,"column":0},"end":{"line":14,"column":0}},"14":{"start":{"line":15,"column":0},"end":{"line":15,"column":46}},"15":{"start":{"line":16,"column":0},"end":{"line":16,"column":37}},"16":{"start":{"line":17,"column":0},"end":{"line":17,"column":0}},"17":{"start":{"line":18,"column":0},"end":{"line":18,"column":51}},"18":{"start":{"line":19,"column":0},"end":{"line":19,"column":0}},"19":{"start":{"line":20,"column":0},"end":{"line":20,"column":28}},"20":{"start":{"line":21,"column":0},"end":{"line":21,"column":34}},"21":{"start":{"line":22,"column":0},"end":{"line":22,"column":0}},"22":{"start":{"line":23,"column":0},"end":{"line":23,"column":9}},"23":{"start":{"line":24,"column":0},"end":{"line":24,"column":60}},"24":{"start":{"line":25,"column":0},"end":{"line":25,"column":68}},"25":{"start":{"line":26,"column":0},"end":{"line":26,"column":29}},"26":{"start":{"line":27,"column":0},"end":{"line":27,"column":8}},"27":{"start":{"line":28,"column":0},"end":{"line":28,"column":0}},"28":{"start":{"line":29,"column":0},"end":{"line":29,"column":34}},"29":{"start":{"line":30,"column":0},"end":{"line":30,"column":46}},"30":{"start":{"line":31,"column":0},"end":{"line":31,"column":16}},"31":{"start":{"line":32,"column":0},"end":{"line":32,"column":11}},"32":{"start":{"line":33,"column":0},"end":{"line":33,"column":7}},"33":{"start":{"line":34,"column":0},"end":{"line":34,"column":0}},"34":{"start":{"line":35,"column":0},"end":{"line":35,"column":63}},"35":{"start":{"line":36,"column":0},"end":{"line":36,"column":0}},"36":{"start":{"line":37,"column":0},"end":{"line":37,"column":30}},"37":{"start":{"line":38,"column":0},"end":{"line":38,"column":0}},"38":{"start":{"line":39,"column":0},"end":{"line":39,"column":46}},"39":{"start":{"line":40,"column":0},"end":{"line":40,"column":17}},"40":{"start":{"line":41,"column":0},"end":{"line":41,"column":41}},"41":{"start":{"line":42,"column":0},"end":{"line":42,"column":14}},"42":{"start":{"line":43,"column":0},"end":{"line":43,"column":9}},"43":{"start":{"line":44,"column":0},"end":{"line":44,"column":5}},"44":{"start":{"line":45,"column":0},"end":{"line":45,"column":4}},"45":{"start":{"line":46,"column":0},"end":{"line":46,"column":0}},"46":{"start":{"line":47,"column":0},"end":{"line":47,"column":56}},"47":{"start":{"line":48,"column":0},"end":{"line":48,"column":51}},"48":{"start":{"line":49,"column":0},"end":{"line":49,"column":0}},"49":{"start":{"line":50,"column":0},"end":{"line":50,"column":63}},"50":{"start":{"line":51,"column":0},"end":{"line":51,"column":15}},"51":{"start":{"line":52,"column":0},"end":{"line":52,"column":23}},"52":{"start":{"line":53,"column":0},"end":{"line":53,"column":20}},"53":{"start":{"line":54,"column":0},"end":{"line":54,"column":8}},"54":{"start":{"line":55,"column":0},"end":{"line":55,"column":14}},"55":{"start":{"line":56,"column":0},"end":{"line":56,"column":21}},"56":{"start":{"line":57,"column":0},"end":{"line":57,"column":8}},"57":{"start":{"line":58,"column":0},"end":{"line":58,"column":7}},"58":{"start":{"line":59,"column":0},"end":{"line":59,"column":0}},"59":{"start":{"line":60,"column":0},"end":{"line":60,"column":41}},"60":{"start":{"line":61,"column":0},"end":{"line":61,"column":4}},"61":{"start":{"line":62,"column":0},"end":{"line":62,"column":0}},"62":{"start":{"line":63,"column":0},"end":{"line":63,"column":40}},"63":{"start":{"line":64,"column":0},"end":{"line":64,"column":42}},"64":{"start":{"line":65,"column":0},"end":{"line":65,"column":42}},"65":{"start":{"line":66,"column":0},"end":{"line":66,"column":4}},"66":{"start":{"line":67,"column":0},"end":{"line":67,"column":1}},"67":{"start":{"line":68,"column":0},"end":{"line":68,"column":0}},"68":{"start":{"line":69,"column":0},"end":{"line":69,"column":38}}},"s":{"0":1,"1":1,"2":1,"3":1,"4":1,"5":1,"6":1,"7":1,"8":1,"9":1,"10":1,"11":11,"12":11,"13":1,"14":1,"15":2,"16":2,"17":2,"18":2,"19":2,"20":2,"21":2,"22":2,"23":2,"24":2,"25":2,"26":2,"27":2,"28":2,"29":1,"30":1,"31":1,"32":1,"33":1,"34":1,"35":1,"36":1,"37":1,"38":1,"39":1,"40":1,"41":1,"42":1,"43":1,"44":1,"45":1,"46":1,"47":1,"48":1,"49":1,"50":1,"51":1,"52":1,"53":1,"54":1,"55":1,"56":1,"57":1,"58":1,"59":1,"60":1,"61":1,"62":1,"63":3,"64":3,"65":1,"66":1,"67":1,"68":1},"branchMap":{"0":{"type":"branch","line":11,"loc":{"start":{"line":11,"column":2},"end":{"line":13,"column":3}},"locations":[{"start":{"line":11,"column":2},"end":{"line":13,"column":3}}]},"1":{"type":"branch","line":15,"loc":{"start":{"line":15,"column":8},"end":{"line":45,"column":3}},"locations":[{"start":{"line":15,"column":8},"end":{"line":45,"column":3}}]},"2":{"type":"branch","line":29,"loc":{"start":{"line":29,"column":33},"end":{"line":44,"column":5}},"locations":[{"start":{"line":29,"column":33},"end":{"line":44,"column":5}}]},"3":{"type":"branch","line":47,"loc":{"start":{"line":47,"column":15},"end":{"line":61,"column":3}},"locations":[{"start":{"line":47,"column":15},"end":{"line":61,"column":3}}]},"4":{"type":"branch","line":63,"loc":{"start":{"line":63,"column":27},"end":{"line":66,"column":3}},"locations":[{"start":{"line":63,"column":27},"end":{"line":66,"column":3}}]}},"b":{"0":[11],"1":[2],"2":[1],"3":[1],"4":[3]},"fnMap":{"0":{"name":"UserPostgresRepository","decl":{"start":{"line":11,"column":2},"end":{"line":13,"column":3}},"loc":{"start":{"line":11,"column":2},"end":{"line":13,"column":3}},"line":11},"1":{"name":"UserPostgresRepository.add","decl":{"start":{"line":15,"column":8},"end":{"line":45,"column":3}},"loc":{"start":{"line":15,"column":8},"end":{"line":45,"column":3}},"line":15},"2":{"name":"UserPostgresRepository.getByEmail","decl":{"start":{"line":47,"column":15},"end":{"line":61,"column":3}},"loc":{"start":{"line":47,"column":15},"end":{"line":61,"column":3}},"line":47},"3":{"name":"UserPostgresRepository.initRepository","decl":{"start":{"line":63,"column":27},"end":{"line":66,"column":3}},"loc":{"start":{"line":63,"column":27},"end":{"line":66,"column":3}},"line":63}},"f":{"0":11,"1":2,"2":1,"3":3}}
,"/Users/vinicius/Projects/strv-address-vini-dutra/src/services/contacts/AddContactService.ts": {"path":"/Users/vinicius/Projects/strv-address-vini-dutra/src/services/contacts/AddContactService.ts","all":false,"statementMap":{"0":{"start":{"line":1,"column":0},"end":{"line":1,"column":96}},"1":{"start":{"line":2,"column":0},"end":{"line":2,"column":96}},"2":{"start":{"line":3,"column":0},"end":{"line":3,"column":47}},"3":{"start":{"line":4,"column":0},"end":{"line":4,"column":0}},"4":{"start":{"line":5,"column":0},"end":{"line":5,"column":25}},"5":{"start":{"line":6,"column":0},"end":{"line":6,"column":41}},"6":{"start":{"line":7,"column":0},"end":{"line":7,"column":77}},"7":{"start":{"line":8,"column":0},"end":{"line":8,"column":0}},"8":{"start":{"line":9,"column":0},"end":{"line":9,"column":41}},"9":{"start":{"line":10,"column":0},"end":{"line":10,"column":4}},"10":{"start":{"line":11,"column":0},"end":{"line":11,"column":0}},"11":{"start":{"line":12,"column":0},"end":{"line":12,"column":72}},"12":{"start":{"line":13,"column":0},"end":{"line":13,"column":46}},"13":{"start":{"line":14,"column":0},"end":{"line":14,"column":3}},"14":{"start":{"line":15,"column":0},"end":{"line":15,"column":1}},"15":{"start":{"line":16,"column":0},"end":{"line":16,"column":0}},"16":{"start":{"line":17,"column":0},"end":{"line":17,"column":33}}},"s":{"0":1,"1":1,"2":1,"3":1,"4":1,"5":1,"6":1,"7":1,"8":1,"9":1,"10":1,"11":1,"12":1,"13":1,"14":1,"15":1,"16":1},"branchMap":{"0":{"type":"branch","line":5,"loc":{"start":{"line":5,"column":0},"end":{"line":15,"column":1}},"locations":[{"start":{"line":5,"column":0},"end":{"line":15,"column":1}}]},"1":{"type":"branch","line":6,"loc":{"start":{"line":6,"column":12},"end":{"line":10,"column":3}},"locations":[{"start":{"line":6,"column":12},"end":{"line":10,"column":3}}]},"2":{"type":"branch","line":12,"loc":{"start":{"line":12,"column":17},"end":{"line":14,"column":3}},"locations":[{"start":{"line":12,"column":17},"end":{"line":14,"column":3}}]}},"b":{"0":[1],"1":[1],"2":[1]},"fnMap":{"0":{"name":"AddContactService","decl":{"start":{"line":5,"column":0},"end":{"line":15,"column":1}},"loc":{"start":{"line":5,"column":0},"end":{"line":15,"column":1}},"line":5},"1":{"name":"AddContactService.execute","decl":{"start":{"line":6,"column":12},"end":{"line":10,"column":3}},"loc":{"start":{"line":6,"column":12},"end":{"line":10,"column":3}},"line":6},"2":{"name":"_AddContactService_setRepository","decl":{"start":{"line":12,"column":17},"end":{"line":14,"column":3}},"loc":{"start":{"line":12,"column":17},"end":{"line":14,"column":3}},"line":12}},"f":{"0":1,"1":1,"2":1}}
,"/Users/vinicius/Projects/strv-address-vini-dutra/src/services/contacts/ListContactsService.ts": {"path":"/Users/vinicius/Projects/strv-address-vini-dutra/src/services/contacts/ListContactsService.ts","all":false,"statementMap":{"0":{"start":{"line":1,"column":0},"end":{"line":1,"column":96}},"1":{"start":{"line":2,"column":0},"end":{"line":2,"column":96}},"2":{"start":{"line":3,"column":0},"end":{"line":3,"column":0}},"3":{"start":{"line":4,"column":0},"end":{"line":4,"column":27}},"4":{"start":{"line":5,"column":0},"end":{"line":5,"column":39}},"5":{"start":{"line":6,"column":0},"end":{"line":6,"column":85}},"6":{"start":{"line":7,"column":0},"end":{"line":7,"column":0}},"7":{"start":{"line":8,"column":0},"end":{"line":8,"column":34}},"8":{"start":{"line":9,"column":0},"end":{"line":9,"column":4}},"9":{"start":{"line":10,"column":0},"end":{"line":10,"column":0}},"10":{"start":{"line":11,"column":0},"end":{"line":11,"column":79}},"11":{"start":{"line":12,"column":0},"end":{"line":12,"column":46}},"12":{"start":{"line":13,"column":0},"end":{"line":13,"column":3}},"13":{"start":{"line":14,"column":0},"end":{"line":14,"column":1}},"14":{"start":{"line":15,"column":0},"end":{"line":15,"column":0}},"15":{"start":{"line":16,"column":0},"end":{"line":16,"column":35}}},"s":{"0":1,"1":1,"2":1,"3":1,"4":1,"5":1,"6":1,"7":1,"8":1,"9":1,"10":1,"11":1,"12":1,"13":1,"14":1,"15":1},"branchMap":{"0":{"type":"branch","line":4,"loc":{"start":{"line":4,"column":0},"end":{"line":14,"column":1}},"locations":[{"start":{"line":4,"column":0},"end":{"line":14,"column":1}}]},"1":{"type":"branch","line":5,"loc":{"start":{"line":5,"column":12},"end":{"line":9,"column":3}},"locations":[{"start":{"line":5,"column":12},"end":{"line":9,"column":3}}]},"2":{"type":"branch","line":11,"loc":{"start":{"line":11,"column":25},"end":{"line":13,"column":3}},"locations":[{"start":{"line":11,"column":25},"end":{"line":13,"column":3}}]}},"b":{"0":[1],"1":[1],"2":[1]},"fnMap":{"0":{"name":"ListContactsService","decl":{"start":{"line":4,"column":0},"end":{"line":14,"column":1}},"loc":{"start":{"line":4,"column":0},"end":{"line":14,"column":1}},"line":4},"1":{"name":"ListContactsService.execute","decl":{"start":{"line":5,"column":12},"end":{"line":9,"column":3}},"loc":{"start":{"line":5,"column":12},"end":{"line":9,"column":3}},"line":5},"2":{"name":"_ListContactsService_setContactsRepository","decl":{"start":{"line":11,"column":25},"end":{"line":13,"column":3}},"loc":{"start":{"line":11,"column":25},"end":{"line":13,"column":3}},"line":11}},"f":{"0":1,"1":1,"2":1}}
,"/Users/vinicius/Projects/strv-address-vini-dutra/src/services/users/AuthenticateService.ts": {"path":"/Users/vinicius/Projects/strv-address-vini-dutra/src/services/users/AuthenticateService.ts","all":false,"statementMap":{"0":{"start":{"line":1,"column":0},"end":{"line":1,"column":86}},"1":{"start":{"line":2,"column":0},"end":{"line":2,"column":41}},"2":{"start":{"line":3,"column":0},"end":{"line":3,"column":47}},"3":{"start":{"line":4,"column":0},"end":{"line":4,"column":45}},"4":{"start":{"line":5,"column":0},"end":{"line":5,"column":59}},"5":{"start":{"line":6,"column":0},"end":{"line":6,"column":0}},"6":{"start":{"line":7,"column":0},"end":{"line":7,"column":27}},"7":{"start":{"line":8,"column":0},"end":{"line":8,"column":38}},"8":{"start":{"line":9,"column":0},"end":{"line":9,"column":0}},"9":{"start":{"line":10,"column":0},"end":{"line":10,"column":44}},"10":{"start":{"line":11,"column":0},"end":{"line":11,"column":54}},"11":{"start":{"line":12,"column":0},"end":{"line":12,"column":3}},"12":{"start":{"line":13,"column":0},"end":{"line":13,"column":0}},"13":{"start":{"line":14,"column":0},"end":{"line":14,"column":52}},"14":{"start":{"line":15,"column":0},"end":{"line":15,"column":37}},"15":{"start":{"line":16,"column":0},"end":{"line":16,"column":0}},"16":{"start":{"line":17,"column":0},"end":{"line":17,"column":57}},"17":{"start":{"line":18,"column":0},"end":{"line":18,"column":0}},"18":{"start":{"line":19,"column":0},"end":{"line":19,"column":40}},"19":{"start":{"line":20,"column":0},"end":{"line":20,"column":36}},"20":{"start":{"line":21,"column":0},"end":{"line":21,"column":5}},"21":{"start":{"line":22,"column":0},"end":{"line":22,"column":0}},"22":{"start":{"line":23,"column":0},"end":{"line":23,"column":69}},"23":{"start":{"line":24,"column":0},"end":{"line":24,"column":0}},"24":{"start":{"line":25,"column":0},"end":{"line":25,"column":29}},"25":{"start":{"line":26,"column":0},"end":{"line":26,"column":36}},"26":{"start":{"line":27,"column":0},"end":{"line":27,"column":5}},"27":{"start":{"line":28,"column":0},"end":{"line":28,"column":0}},"28":{"start":{"line":29,"column":0},"end":{"line":29,"column":25}},"29":{"start":{"line":30,"column":0},"end":{"line":30,"column":0}},"30":{"start":{"line":31,"column":0},"end":{"line":31,"column":39}},"31":{"start":{"line":32,"column":0},"end":{"line":32,"column":4}},"32":{"start":{"line":33,"column":0},"end":{"line":33,"column":1}},"33":{"start":{"line":34,"column":0},"end":{"line":34,"column":0}},"34":{"start":{"line":35,"column":0},"end":{"line":35,"column":35}}},"s":{"0":1,"1":1,"2":1,"3":1,"4":1,"5":1,"6":1,"7":1,"8":1,"9":1,"10":4,"11":4,"12":1,"13":1,"14":3,"15":3,"16":3,"17":3,"18":3,"19":1,"20":1,"21":3,"22":3,"23":3,"24":3,"25":1,"26":1,"27":1,"28":1,"29":1,"30":1,"31":1,"32":1,"33":1,"34":1},"branchMap":{"0":{"type":"branch","line":10,"loc":{"start":{"line":10,"column":2},"end":{"line":12,"column":3}},"locations":[{"start":{"line":10,"column":2},"end":{"line":12,"column":3}}]},"1":{"type":"branch","line":14,"loc":{"start":{"line":14,"column":12},"end":{"line":32,"column":3}},"locations":[{"start":{"line":14,"column":12},"end":{"line":32,"column":3}}]},"2":{"type":"branch","line":19,"loc":{"start":{"line":19,"column":13},"end":{"line":19,"column":37}},"locations":[{"start":{"line":19,"column":13},"end":{"line":19,"column":37}}]},"3":{"type":"branch","line":19,"loc":{"start":{"line":19,"column":39},"end":{"line":21,"column":5}},"locations":[{"start":{"line":19,"column":39},"end":{"line":21,"column":5}}]},"4":{"type":"branch","line":25,"loc":{"start":{"line":25,"column":28},"end":{"line":32,"column":3}},"locations":[{"start":{"line":25,"column":28},"end":{"line":32,"column":3}}]}},"b":{"0":[4],"1":[3],"2":[2],"3":[1],"4":[1]},"fnMap":{"0":{"name":"AuthenticateService","decl":{"start":{"line":10,"column":2},"end":{"line":12,"column":3}},"loc":{"start":{"line":10,"column":2},"end":{"line":12,"column":3}},"line":10},"1":{"name":"AuthenticateService.execute","decl":{"start":{"line":14,"column":12},"end":{"line":32,"column":3}},"loc":{"start":{"line":14,"column":12},"end":{"line":32,"column":3}},"line":14}},"f":{"0":4,"1":3}}
,"/Users/vinicius/Projects/strv-address-vini-dutra/src/services/users/RegisterService.ts": {"path":"/Users/vinicius/Projects/strv-address-vini-dutra/src/services/users/RegisterService.ts","all":false,"statementMap":{"0":{"start":{"line":1,"column":0},"end":{"line":1,"column":86}},"1":{"start":{"line":2,"column":0},"end":{"line":2,"column":41}},"2":{"start":{"line":3,"column":0},"end":{"line":3,"column":47}},"3":{"start":{"line":4,"column":0},"end":{"line":4,"column":42}},"4":{"start":{"line":5,"column":0},"end":{"line":5,"column":0}},"5":{"start":{"line":6,"column":0},"end":{"line":6,"column":23}},"6":{"start":{"line":7,"column":0},"end":{"line":7,"column":38}},"7":{"start":{"line":8,"column":0},"end":{"line":8,"column":0}},"8":{"start":{"line":9,"column":0},"end":{"line":9,"column":44}},"9":{"start":{"line":10,"column":0},"end":{"line":10,"column":54}},"10":{"start":{"line":11,"column":0},"end":{"line":11,"column":3}},"11":{"start":{"line":12,"column":0},"end":{"line":12,"column":0}},"12":{"start":{"line":13,"column":0},"end":{"line":13,"column":52}},"13":{"start":{"line":14,"column":0},"end":{"line":14,"column":46}},"14":{"start":{"line":15,"column":0},"end":{"line":15,"column":0}},"15":{"start":{"line":16,"column":0},"end":{"line":16,"column":59}},"16":{"start":{"line":17,"column":0},"end":{"line":17,"column":0}},"17":{"start":{"line":18,"column":0},"end":{"line":18,"column":49}},"18":{"start":{"line":19,"column":0},"end":{"line":19,"column":4}},"19":{"start":{"line":20,"column":0},"end":{"line":20,"column":1}},"20":{"start":{"line":21,"column":0},"end":{"line":21,"column":0}},"21":{"start":{"line":22,"column":0},"end":{"line":22,"column":31}}},"s":{"0":1,"1":1,"2":1,"3":1,"4":1,"5":1,"6":1,"7":1,"8":1,"9":4,"10":4,"11":1,"12":1,"13":2,"14":2,"15":2,"16":2,"17":2,"18":1,"19":1,"20":1,"21":1},"branchMap":{"0":{"type":"branch","line":9,"loc":{"start":{"line":9,"column":2},"end":{"line":11,"column":3}},"locations":[{"start":{"line":9,"column":2},"end":{"line":11,"column":3}}]},"1":{"type":"branch","line":13,"loc":{"start":{"line":13,"column":12},"end":{"line":19,"column":3}},"locations":[{"start":{"line":13,"column":12},"end":{"line":19,"column":3}}]}},"b":{"0":[4],"1":[2]},"fnMap":{"0":{"name":"RegisterService","decl":{"start":{"line":9,"column":2},"end":{"line":11,"column":3}},"loc":{"start":{"line":9,"column":2},"end":{"line":11,"column":3}},"line":9},"1":{"name":"RegisterService.execute","decl":{"start":{"line":13,"column":12},"end":{"line":19,"column":3}},"loc":{"start":{"line":13,"column":12},"end":{"line":19,"column":3}},"line":13}},"f":{"0":4,"1":2}}
}
