TN:
SF:src/config/envs.ts
FN:4,loadEnvs
FNF:1
FNH:1
FNDA:9,loadEnvs
DA:1,1
DA:2,1
DA:3,1
DA:4,1
DA:5,9
DA:6,9
DA:7,1
DA:8,1
DA:9,1
LF:9
LH:9
BRDA:4,0,0,9
BRF:1
BRH:1
end_of_record
TN:
SF:src/config/firebase.ts
FNF:0
FNH:0
DA:1,1
DA:2,1
DA:3,1
DA:4,1
DA:5,1
DA:6,1
DA:7,1
DA:8,1
DA:9,1
DA:10,1
DA:11,1
DA:12,1
DA:13,1
DA:14,1
DA:15,1
LF:15
LH:15
BRDA:7,0,0,0
BRF:1
BRH:0
end_of_record
TN:
SF:src/config/jwt.ts
FNF:0
FNH:0
DA:1,1
DA:2,1
DA:3,1
DA:4,1
LF:4
LH:4
BRF:0
BRH:0
end_of_record
TN:
SF:src/config/typeorm.ts
FNF:0
FNH:0
DA:1,1
DA:2,1
DA:3,1
DA:4,1
DA:5,1
DA:6,1
DA:7,1
DA:8,1
DA:9,1
DA:10,1
DA:11,1
DA:12,1
DA:13,1
DA:14,1
DA:15,1
DA:16,1
DA:17,1
DA:18,1
DA:19,1
DA:20,1
DA:21,0
DA:22,0
DA:23,0
DA:24,0
DA:25,0
DA:26,0
DA:27,0
DA:28,0
DA:29,0
DA:30,0
DA:31,0
DA:32,0
DA:33,1
DA:34,1
DA:35,1
DA:36,1
LF:36
LH:24
BRDA:8,0,0,0
BRDA:9,1,0,0
BRDA:10,2,0,0
BRDA:12,3,0,0
BRDA:16,4,0,0
BRDA:20,5,0,0
BRF:6
BRH:0
end_of_record
TN:
SF:src/databases/firebase.ts
FN:5,initFirebase
FNF:1
FNH:1
FNDA:5,initFirebase
DA:1,1
DA:2,1
DA:3,1
DA:4,1
DA:5,1
DA:6,5
DA:7,5
DA:8,5
DA:9,1
DA:10,1
DA:11,1
DA:12,1
DA:13,1
DA:14,1
DA:15,1
LF:15
LH:15
BRDA:5,0,0,5
BRF:1
BRH:1
end_of_record
TN:
SF:src/databases/index.ts
FNF:0
FNH:0
DA:1,1
DA:2,1
DA:3,1
DA:4,1
LF:4
LH:4
BRF:0
BRH:0
end_of_record
TN:
SF:src/databases/postgres.ts
FNF:0
FNH:0
DA:1,1
DA:2,1
DA:3,1
DA:4,1
DA:5,1
LF:5
LH:5
BRF:0
BRH:0
end_of_record
TN:
SF:src/databases/entities/User.entity.ts
FN:7,UserEntity
FNF:1
FNH:1
FNDA:11,UserEntity
DA:1,1
DA:2,1
DA:3,1
DA:4,1
DA:5,1
DA:6,1
DA:7,1
DA:8,11
DA:9,11
DA:10,1
DA:11,1
DA:12,1
DA:13,1
DA:14,1
DA:15,1
DA:16,1
DA:17,1
DA:18,1
DA:19,1
DA:20,1
DA:21,1
DA:22,1
DA:23,1
DA:24,1
DA:25,1
DA:26,1
DA:27,1
LF:27
LH:27
BRDA:7,0,0,11
BRF:1
BRH:1
end_of_record
TN:
SF:src/exceptions/AuthException.ts
FN:4,AuthException
FNF:1
FNH:1
FNDA:4,AuthException
DA:1,1
DA:2,1
DA:3,1
DA:4,1
DA:5,4
DA:6,4
DA:7,4
DA:8,4
DA:9,4
DA:10,4
DA:11,4
DA:12,4
DA:13,1
DA:14,1
DA:15,1
LF:15
LH:15
BRDA:4,0,0,4
BRF:1
BRH:1
end_of_record
TN:
SF:src/exceptions/BaseException.ts
FN:13,BaseException
FN:24,BaseException.getType
FN:28,BaseException.getStatus
FN:32,BaseException.getFinalMessage
FNF:4
FNH:1
FNDA:16,BaseException
FNDA:0,BaseException.getType
FNDA:0,BaseException.getStatus
FNDA:0,BaseException.getFinalMessage
DA:1,1
DA:2,1
DA:3,1
DA:4,1
DA:5,1
DA:6,1
DA:7,1
DA:8,1
DA:9,1
DA:10,1
DA:11,1
DA:12,1
DA:13,1
DA:14,16
DA:15,16
DA:16,16
DA:17,16
DA:18,16
DA:19,16
DA:20,16
DA:21,16
DA:22,16
DA:23,1
DA:24,1
DA:25,0
DA:26,1
DA:27,1
DA:28,1
DA:29,0
DA:30,1
DA:31,1
DA:32,1
DA:33,0
DA:34,1
DA:35,1
DA:36,1
DA:37,1
DA:38,1
DA:39,1
LF:39
LH:36
BRDA:13,0,0,16
BRF:1
BRH:1
end_of_record
TN:
SF:src/exceptions/UniqueEmailException.ts
FN:3,UniqueEmailException
FNF:1
FNH:1
FNDA:4,UniqueEmailException
DA:1,1
DA:2,1
DA:3,1
DA:4,4
DA:5,2
DA:6,2
DA:7,4
DA:8,4
DA:9,4
DA:10,4
DA:11,4
DA:12,4
DA:13,4
DA:14,1
DA:15,1
DA:16,1
LF:16
LH:16
BRDA:3,0,0,4
BRDA:4,1,0,2
BRF:2
BRH:2
end_of_record
TN:
SF:src/exceptions/ValidationException.ts
FN:4,ValidationException
FNF:1
FNH:1
FNDA:8,ValidationException
DA:1,1
DA:2,1
DA:3,1
DA:4,1
DA:5,8
DA:6,8
DA:7,8
DA:8,8
DA:9,8
DA:10,8
DA:11,8
DA:12,8
DA:13,1
DA:14,1
DA:15,1
LF:15
LH:15
BRDA:4,0,0,8
BRF:1
BRH:1
end_of_record
TN:
SF:src/http/middlewares/ControllerHandlerMiddleware.ts
FN:3,ControllerHandlerMiddleware
FNF:1
FNH:1
FNDA:7,ControllerHandlerMiddleware
DA:1,1
DA:2,1
DA:3,1
DA:4,7
DA:5,7
DA:6,7
DA:7,7
DA:8,7
DA:9,7
DA:10,1
DA:11,1
LF:11
LH:11
BRDA:3,0,0,7
BRDA:3,1,0,7
BRF:2
BRH:2
end_of_record
TN:
SF:src/http/v1/controllers/AuthController.ts
FN:9,register
FN:29,auth
FNF:2
FNH:2
FNDA:4,register
FNDA:4,auth
DA:1,1
DA:2,1
DA:3,1
DA:4,1
DA:5,1
DA:6,1
DA:7,1
DA:8,1
DA:9,1
DA:10,4
DA:11,4
DA:12,4
DA:13,4
DA:14,4
DA:15,4
DA:16,4
DA:17,4
DA:18,4
DA:19,4
DA:20,4
DA:21,4
DA:22,4
DA:23,4
DA:24,4
DA:25,4
DA:26,4
DA:27,4
DA:28,1
DA:29,1
DA:30,4
DA:31,4
DA:32,4
DA:33,4
DA:34,4
DA:35,4
DA:36,4
DA:37,4
DA:38,4
DA:39,4
DA:40,4
DA:41,4
DA:42,4
DA:43,4
DA:44,4
DA:45,4
DA:46,4
DA:47,4
DA:48,1
DA:49,1
LF:49
LH:49
BRDA:9,0,0,4
BRDA:29,1,0,4
BRF:2
BRH:2
end_of_record
TN:
SF:src/http/v1/controllers/ContactsController.ts
FN:8,store
FN:31,all
FNF:2
FNH:2
FNDA:2,store
FNDA:1,all
DA:1,1
DA:2,1
DA:3,1
DA:4,1
DA:5,1
DA:6,1
DA:7,1
DA:8,1
DA:9,2
DA:10,2
DA:11,2
DA:12,2
DA:13,2
DA:14,2
DA:15,2
DA:16,2
DA:17,2
DA:18,2
DA:19,2
DA:20,2
DA:21,2
DA:22,2
DA:23,2
DA:24,2
DA:25,2
DA:26,2
DA:27,2
DA:28,2
DA:29,2
DA:30,1
DA:31,1
DA:32,1
DA:33,1
DA:34,1
DA:35,1
DA:36,1
DA:37,1
DA:38,1
DA:39,1
DA:40,1
DA:41,1
DA:42,1
DA:43,1
DA:44,1
DA:45,1
LF:45
LH:45
BRDA:8,0,0,2
BRDA:31,1,0,1
BRF:2
BRH:2
end_of_record
TN:
SF:src/http/v1/controllers/index.ts
FNF:0
FNH:0
DA:1,1
DA:2,1
DA:3,1
DA:4,1
LF:4
LH:4
BRF:0
BRH:0
end_of_record
TN:
SF:src/http/v1/responses/AuthResponse.ts
FN:12,registerResponse
FN:20,authResponse
FNF:2
FNH:2
FNDA:1,registerResponse
FNDA:1,authResponse
DA:1,1
DA:2,1
DA:3,1
DA:4,1
DA:5,1
DA:6,1
DA:7,1
DA:8,1
DA:9,1
DA:10,1
DA:11,1
DA:12,1
DA:13,1
DA:14,1
DA:15,1
DA:16,1
DA:17,1
DA:18,1
DA:19,1
DA:20,1
DA:21,1
DA:22,1
DA:23,1
DA:24,1
DA:25,1
DA:26,1
DA:27,1
DA:28,1
LF:28
LH:28
BRDA:12,0,0,1
BRDA:20,1,0,1
BRF:2
BRH:2
end_of_record
TN:
SF:src/http/v1/responses/ContactResponse.ts
FN:10,addResponse
FN:17,allResponse
FNF:2
FNH:2
FNDA:1,addResponse
FNDA:1,allResponse
DA:1,1
DA:2,1
DA:3,1
DA:4,1
DA:5,1
DA:6,1
DA:7,1
DA:8,1
DA:9,1
DA:10,1
DA:11,1
DA:12,1
DA:13,1
DA:14,1
DA:15,1
DA:16,1
DA:17,1
DA:18,1
DA:19,1
DA:20,1
DA:21,1
DA:22,1
DA:23,1
DA:24,1
LF:24
LH:24
BRDA:10,0,0,1
BRDA:17,1,0,1
BRF:2
BRH:2
end_of_record
TN:
SF:src/http/v1/validators/AuthValidator.ts
FN:9,AuthValidator
FN:10,AuthValidator.registerValidation
FN:25,AuthValidator.authValidation
FN:40,AuthValidator.checkValidEmail
FN:65,AuthValidator.checkValidPassword
FNF:5
FNH:5
FNDA:8,AuthValidator
FNDA:4,AuthValidator.registerValidation
FNDA:4,AuthValidator.authValidation
FNDA:8,AuthValidator.checkValidEmail
FNDA:8,AuthValidator.checkValidPassword
DA:1,1
DA:2,1
DA:3,1
DA:4,1
DA:5,1
DA:6,1
DA:7,1
DA:8,1
DA:9,8
DA:10,8
DA:11,4
DA:12,4
DA:13,4
DA:14,4
DA:15,4
DA:16,4
DA:17,4
DA:18,4
DA:19,4
DA:20,4
DA:21,4
DA:22,4
DA:23,8
DA:24,8
DA:25,8
DA:26,4
DA:27,4
DA:28,4
DA:29,4
DA:30,4
DA:31,4
DA:32,4
DA:33,4
DA:34,4
DA:35,4
DA:36,4
DA:37,4
DA:38,8
DA:39,8
DA:40,8
DA:41,8
DA:42,8
DA:43,8
DA:44,8
DA:45,8
DA:46,1
DA:47,1
DA:48,1
DA:49,7
DA:50,8
DA:51,8
DA:52,8
DA:53,8
DA:54,8
DA:55,8
DA:56,8
DA:57,8
DA:58,8
DA:59,1
DA:60,1
DA:61,8
DA:62,8
DA:63,8
DA:64,8
DA:65,8
DA:66,8
DA:67,8
DA:68,8
DA:69,8
DA:70,8
DA:71,1
DA:72,1
DA:73,1
DA:74,7
DA:75,8
DA:76,8
DA:77,8
DA:78,8
DA:79,8
DA:80,8
DA:81,8
DA:82,2
DA:83,2
DA:84,8
DA:85,8
DA:86,8
DA:87,8
DA:88,1
DA:89,1
LF:89
LH:89
BRDA:9,0,0,8
BRDA:10,1,0,4
BRDA:25,2,0,4
BRDA:40,3,0,8
BRDA:45,4,0,1
BRDA:49,5,0,7
BRDA:50,6,0,7
BRDA:50,7,0,0
BRDA:58,8,0,6
BRDA:58,9,0,1
BRDA:65,10,0,8
BRDA:70,11,0,1
BRDA:74,12,0,7
BRDA:75,13,0,7
BRDA:75,14,0,0
BRDA:81,15,0,2
BRF:16
BRH:14
end_of_record
TN:
SF:src/http/v1/validators/BaseValidator.ts
FN:6,BaseValidator
FN:10,BaseValidator.validationFail
FN:14,BaseValidator.setError
FN:18,BaseValidator.isUndefinedOrEmpty
FN:22,BaseValidator.hasErrors
FNF:5
FNH:5
FNDA:10,BaseValidator
FNDA:4,BaseValidator.validationFail
FNDA:9,BaseValidator.setError
FNDA:24,BaseValidator.isUndefinedOrEmpty
FNDA:10,BaseValidator.hasErrors
DA:1,1
DA:2,1
DA:3,1
DA:4,1
DA:5,1
DA:6,1
DA:7,10
DA:8,10
DA:9,1
DA:10,1
DA:11,4
DA:12,1
DA:13,1
DA:14,1
DA:15,9
DA:16,1
DA:17,1
DA:18,1
DA:19,24
DA:20,1
DA:21,1
DA:22,1
DA:23,10
DA:24,4
DA:25,4
DA:26,1
DA:27,1
DA:28,1
DA:29,1
LF:29
LH:29
BRDA:6,0,0,10
BRDA:10,1,0,4
BRDA:14,2,0,9
BRDA:18,3,0,24
BRDA:22,4,0,10
BRDA:23,5,0,4
BRDA:24,6,0,1
BRDA:24,7,0,3
BRF:8
BRH:8
end_of_record
TN:
SF:src/http/v1/validators/ContactValidator.ts
FN:7,ContactValidator
FN:8,ContactValidator.storeValidation
FN:26,ContactValidator.checkValidString
FNF:3
FNH:3
FNDA:2,ContactValidator
FNDA:2,ContactValidator.storeValidation
FNDA:8,ContactValidator.checkValidString
DA:1,1
DA:2,1
DA:3,1
DA:4,1
DA:5,1
DA:6,1
DA:7,2
DA:8,2
DA:9,2
DA:10,2
DA:11,2
DA:12,2
DA:13,2
DA:14,2
DA:15,2
DA:16,2
DA:17,2
DA:18,2
DA:19,2
DA:20,2
DA:21,2
DA:22,2
DA:23,2
DA:24,2
DA:25,2
DA:26,2
DA:27,8
DA:28,8
DA:29,8
DA:30,8
DA:31,8
DA:32,3
DA:33,3
DA:34,3
DA:35,8
DA:36,8
DA:37,8
DA:38,8
DA:39,8
DA:40,8
DA:41,8
DA:42,8
DA:43,8
DA:44,1
DA:45,1
DA:46,8
DA:47,8
DA:48,2
DA:49,2
DA:50,1
DA:51,1
LF:51
LH:51
BRDA:7,0,0,2
BRDA:8,1,0,2
BRDA:26,2,0,8
BRDA:31,3,0,3
BRDA:36,4,0,5
BRDA:36,5,0,0
BRDA:43,6,0,1
BRF:7
BRH:6
end_of_record
TN:
SF:src/libs/date.ts
FN:1,getNowWithDatabaseFormat
FNF:1
FNH:1
FNDA:4,getNowWithDatabaseFormat
DA:1,1
DA:2,4
DA:3,4
DA:4,4
DA:5,4
DA:6,4
DA:7,4
DA:8,4
DA:9,4
DA:10,4
DA:11,4
DA:12,4
DA:13,1
DA:14,1
LF:14
LH:14
BRDA:1,0,0,4
BRF:1
BRH:1
end_of_record
TN:
SF:src/libs/encrypt.ts
FN:5,hash
FN:9,compare
FNF:2
FNH:2
FNDA:10,hash
FNDA:2,compare
DA:1,1
DA:2,1
DA:3,1
DA:4,1
DA:5,1
DA:6,10
DA:7,10
DA:8,1
DA:9,1
DA:10,2
DA:11,2
DA:12,1
DA:13,1
LF:13
LH:13
BRDA:5,0,0,10
BRDA:9,1,0,2
BRF:2
BRH:2
end_of_record
TN:
SF:src/libs/jwt.ts
FN:13,generateToken
FN:17,verifyToken
FNF:2
FNH:1
FNDA:2,generateToken
FNDA:0,verifyToken
DA:1,1
DA:2,1
DA:3,1
DA:4,1
DA:5,1
DA:6,1
DA:7,1
DA:8,1
DA:9,1
DA:10,1
DA:11,1
DA:12,1
DA:13,2
DA:14,2
DA:15,2
DA:16,1
DA:17,1
DA:18,0
DA:19,0
DA:20,1
DA:21,1
DA:22,1
DA:23,1
DA:24,1
DA:25,1
DA:26,1
DA:27,1
LF:27
LH:25
BRDA:13,0,0,2
BRF:1
BRH:1
end_of_record
TN:
SF:src/models/User.ts
FNF:0
FNH:0
DA:1,1
DA:2,1
DA:3,1
DA:4,1
DA:5,1
DA:6,1
DA:7,1
DA:8,1
DA:9,1
LF:9
LH:9
BRF:0
BRH:0
end_of_record
TN:
SF:src/repositories/ContactsRepository.ts
FN:10,ContactsRepository
FN:14,add
FN:20,get
FNF:3
FNH:3
FNDA:2,ContactsRepository
FNDA:1,add
FNDA:1,get
DA:1,1
DA:2,1
DA:3,1
DA:4,1
DA:5,1
DA:6,1
DA:7,1
DA:8,1
DA:9,1
DA:10,1
DA:11,2
DA:12,2
DA:13,1
DA:14,1
DA:15,1
DA:16,1
DA:17,1
DA:18,1
DA:19,1
DA:20,1
DA:21,1
DA:22,1
DA:23,1
DA:24,1
DA:25,1
DA:26,1
DA:27,1
LF:27
LH:27
BRDA:10,0,0,2
BRDA:14,1,0,1
BRDA:20,2,0,1
BRF:3
BRH:3
end_of_record
TN:
SF:src/repositories/UsersRepository.ts
FN:10,UsersRepository
FN:14,add
FN:20,getByEmail
FNF:3
FNH:3
FNDA:2,UsersRepository
FNDA:1,add
FNDA:1,getByEmail
DA:1,1
DA:2,1
DA:3,1
DA:4,1
DA:5,1
DA:6,1
DA:7,1
DA:8,1
DA:9,1
DA:10,1
DA:11,2
DA:12,2
DA:13,1
DA:14,1
DA:15,1
DA:16,1
DA:17,1
DA:18,1
DA:19,1
DA:20,1
DA:21,1
DA:22,1
DA:23,1
DA:24,1
DA:25,1
DA:26,1
DA:27,1
LF:27
LH:27
BRDA:10,0,0,2
BRDA:14,1,0,1
BRDA:20,2,0,1
BRF:3
BRH:3
end_of_record
TN:
SF:src/repositories/firebase/ContactsFirebaseRepository.ts
FN:9,ContactsFirebaseRepository
FN:14,ContactsFirebaseRepository.get
FN:25,ContactsFirebaseRepository.add
FNF:3
FNH:3
FNDA:4,ContactsFirebaseRepository
FNDA:1,ContactsFirebaseRepository.get
FNDA:1,ContactsFirebaseRepository.add
DA:1,1
DA:2,1
DA:3,1
DA:4,1
DA:5,1
DA:6,1
DA:7,1
DA:8,1
DA:9,1
DA:10,4
DA:11,4
DA:12,4
DA:13,1
DA:14,1
DA:15,1
DA:16,1
DA:17,1
DA:18,1
DA:19,1
DA:20,1
DA:21,1
DA:22,1
DA:23,1
DA:24,1
DA:25,1
DA:26,1
DA:27,1
DA:28,1
DA:29,1
DA:30,1
DA:31,1
DA:32,1
DA:33,1
LF:33
LH:33
BRDA:9,0,0,4
BRDA:14,1,0,1
BRDA:18,2,0,1
BRDA:25,3,0,1
BRF:4
BRH:4
end_of_record
TN:
SF:src/repositories/postgres/UsersPostgresRepository.ts
FN:11,UserPostgresRepository
FN:15,UserPostgresRepository.add
FN:47,UserPostgresRepository.getByEmail
FN:63,UserPostgresRepository.initRepository
FNF:4
FNH:4
FNDA:11,UserPostgresRepository
FNDA:2,UserPostgresRepository.add
FNDA:1,UserPostgresRepository.getByEmail
FNDA:3,UserPostgresRepository.initRepository
DA:1,1
DA:2,1
DA:3,1
DA:4,1
DA:5,1
DA:6,1
DA:7,1
DA:8,1
DA:9,1
DA:10,1
DA:11,1
DA:12,11
DA:13,11
DA:14,1
DA:15,1
DA:16,2
DA:17,2
DA:18,2
DA:19,2
DA:20,2
DA:21,2
DA:22,2
DA:23,2
DA:24,2
DA:25,2
DA:26,2
DA:27,2
DA:28,2
DA:29,2
DA:30,1
DA:31,1
DA:32,1
DA:33,1
DA:34,1
DA:35,1
DA:36,1
DA:37,1
DA:38,1
DA:39,1
DA:40,1
DA:41,1
DA:42,1
DA:43,1
DA:44,1
DA:45,1
DA:46,1
DA:47,1
DA:48,1
DA:49,1
DA:50,1
DA:51,1
DA:52,1
DA:53,1
DA:54,1
DA:55,1
DA:56,1
DA:57,1
DA:58,1
DA:59,1
DA:60,1
DA:61,1
DA:62,1
DA:63,1
DA:64,3
DA:65,3
DA:66,1
DA:67,1
DA:68,1
DA:69,1
LF:69
LH:69
BRDA:11,0,0,11
BRDA:15,1,0,2
BRDA:29,2,0,1
BRDA:47,3,0,1
BRDA:63,4,0,3
BRF:5
BRH:5
end_of_record
TN:
SF:src/services/contacts/AddContactService.ts
FN:5,AddContactService
FN:6,AddContactService.execute
FN:12,_AddContactService_setRepository
FNF:3
FNH:3
FNDA:1,AddContactService
FNDA:1,AddContactService.execute
FNDA:1,_AddContactService_setRepository
DA:1,1
DA:2,1
DA:3,1
DA:4,1
DA:5,1
DA:6,1
DA:7,1
DA:8,1
DA:9,1
DA:10,1
DA:11,1
DA:12,1
DA:13,1
DA:14,1
DA:15,1
DA:16,1
DA:17,1
LF:17
LH:17
BRDA:5,0,0,1
BRDA:6,1,0,1
BRDA:12,2,0,1
BRF:3
BRH:3
end_of_record
TN:
SF:src/services/contacts/ListContactsService.ts
FN:4,ListContactsService
FN:5,ListContactsService.execute
FN:11,_ListContactsService_setContactsRepository
FNF:3
FNH:3
FNDA:1,ListContactsService
FNDA:1,ListContactsService.execute
FNDA:1,_ListContactsService_setContactsRepository
DA:1,1
DA:2,1
DA:3,1
DA:4,1
DA:5,1
DA:6,1
DA:7,1
DA:8,1
DA:9,1
DA:10,1
DA:11,1
DA:12,1
DA:13,1
DA:14,1
DA:15,1
DA:16,1
LF:16
LH:16
BRDA:4,0,0,1
BRDA:5,1,0,1
BRDA:11,2,0,1
BRF:3
BRH:3
end_of_record
TN:
SF:src/services/users/AuthenticateService.ts
FN:10,AuthenticateService
FN:14,AuthenticateService.execute
FNF:2
FNH:2
FNDA:4,AuthenticateService
FNDA:3,AuthenticateService.execute
DA:1,1
DA:2,1
DA:3,1
DA:4,1
DA:5,1
DA:6,1
DA:7,1
DA:8,1
DA:9,1
DA:10,1
DA:11,4
DA:12,4
DA:13,1
DA:14,1
DA:15,3
DA:16,3
DA:17,3
DA:18,3
DA:19,3
DA:20,1
DA:21,1
DA:22,3
DA:23,3
DA:24,3
DA:25,3
DA:26,1
DA:27,1
DA:28,1
DA:29,1
DA:30,1
DA:31,1
DA:32,1
DA:33,1
DA:34,1
DA:35,1
LF:35
LH:35
BRDA:10,0,0,4
BRDA:14,1,0,3
BRDA:19,2,0,2
BRDA:19,3,0,1
BRDA:25,4,0,1
BRF:5
BRH:5
end_of_record
TN:
SF:src/services/users/RegisterService.ts
FN:9,RegisterService
FN:13,RegisterService.execute
FNF:2
FNH:2
FNDA:4,RegisterService
FNDA:2,RegisterService.execute
DA:1,1
DA:2,1
DA:3,1
DA:4,1
DA:5,1
DA:6,1
DA:7,1
DA:8,1
DA:9,1
DA:10,4
DA:11,4
DA:12,1
DA:13,1
DA:14,2
DA:15,2
DA:16,2
DA:17,2
DA:18,2
DA:19,1
DA:20,1
DA:21,1
DA:22,1
LF:22
LH:22
BRDA:9,0,0,4
BRDA:13,1,0,2
BRF:2
BRH:2
end_of_record
